[2025-01-18T06:12:03.846+0000] {local_task_job_runner.py:123} INFO - ::group::Pre task execution logs
[2025-01-18T06:12:04.152+0000] {taskinstance.py:2613} INFO - Dependencies all met for dep_context=non-requeueable deps ti=<TaskInstance: user_data_to_duckdb.fetch_user_data_from_api scheduled__2025-01-17T00:00:00+00:00 [queued]>
[2025-01-18T06:12:04.200+0000] {taskinstance.py:2613} INFO - Dependencies all met for dep_context=requeueable deps ti=<TaskInstance: user_data_to_duckdb.fetch_user_data_from_api scheduled__2025-01-17T00:00:00+00:00 [queued]>
[2025-01-18T06:12:04.206+0000] {taskinstance.py:2866} INFO - Starting attempt 1 of 2
[2025-01-18T06:12:04.294+0000] {taskinstance.py:2889} INFO - Executing <Task(PythonOperator): fetch_user_data_from_api> on 2025-01-17 00:00:00+00:00
[2025-01-18T06:12:04.337+0000] {warnings.py:112} WARNING - /home/***/.local/lib/python3.12/site-packages/***/task/task_runner/standard_task_runner.py:70: DeprecationWarning: This process (pid=86) is multi-threaded, use of fork() may lead to deadlocks in the child.
  pid = os.fork()

[2025-01-18T06:12:04.352+0000] {standard_task_runner.py:72} INFO - Started process 98 to run task
[2025-01-18T06:12:04.349+0000] {standard_task_runner.py:104} INFO - Running: ['***', 'tasks', 'run', 'user_data_to_duckdb', 'fetch_user_data_from_api', 'scheduled__2025-01-17T00:00:00+00:00', '--job-id', '167', '--raw', '--subdir', 'DAGS_FOLDER/api_duckdb_dag.py', '--cfg-path', '/tmp/tmprjscraa5']
[2025-01-18T06:12:04.357+0000] {standard_task_runner.py:105} INFO - Job 167: Subtask fetch_user_data_from_api
[2025-01-18T06:12:04.706+0000] {task_command.py:467} INFO - Running <TaskInstance: user_data_to_duckdb.fetch_user_data_from_api scheduled__2025-01-17T00:00:00+00:00 [running]> on host f3f45916ac6f
[2025-01-18T06:12:05.150+0000] {taskinstance.py:3132} INFO - Exporting env vars: AIRFLOW_CTX_DAG_OWNER='***' AIRFLOW_CTX_DAG_ID='user_data_to_duckdb' AIRFLOW_CTX_TASK_ID='fetch_user_data_from_api' AIRFLOW_CTX_EXECUTION_DATE='2025-01-17T00:00:00+00:00' AIRFLOW_CTX_TRY_NUMBER='1' AIRFLOW_CTX_DAG_RUN_ID='scheduled__2025-01-17T00:00:00+00:00'
[2025-01-18T06:12:05.152+0000] {logging_mixin.py:190} INFO - Task instance is in running state
[2025-01-18T06:12:05.153+0000] {logging_mixin.py:190} INFO -  Previous state of the Task instance: queued
[2025-01-18T06:12:05.154+0000] {logging_mixin.py:190} INFO - Current task name:fetch_user_data_from_api state:running start_date:2025-01-18 06:12:04.155813+00:00
[2025-01-18T06:12:05.155+0000] {logging_mixin.py:190} INFO - Dag name:user_data_to_duckdb and current dag run status:running
[2025-01-18T06:12:05.156+0000] {taskinstance.py:731} INFO - ::endgroup::
[2025-01-18T06:12:06.289+0000] {python.py:240} INFO - Done. Returned value was: /opt/***/apidata/users_data.json
[2025-01-18T06:12:06.397+0000] {taskinstance.py:340} INFO - ::group::Post task execution logs
[2025-01-18T06:12:06.406+0000] {taskinstance.py:352} INFO - Marking task as SUCCESS. dag_id=user_data_to_duckdb, task_id=fetch_user_data_from_api, run_id=scheduled__2025-01-17T00:00:00+00:00, execution_date=20250117T000000, start_date=20250118T061204, end_date=20250118T061206
[2025-01-18T06:12:06.459+0000] {logging_mixin.py:190} INFO - Task instance in success state
[2025-01-18T06:12:06.466+0000] {logging_mixin.py:190} INFO -  Previous state of the Task instance: running
[2025-01-18T06:12:06.467+0000] {logging_mixin.py:190} INFO - Dag name:user_data_to_duckdb queued_at:2025-01-18 06:11:15.485832+00:00
[2025-01-18T06:12:06.473+0000] {logging_mixin.py:190} INFO - Task hostname:f3f45916ac6f operator:PythonOperator
[2025-01-18T06:12:06.527+0000] {local_task_job_runner.py:266} INFO - Task exited with return code 0
[2025-01-18T06:12:06.618+0000] {taskinstance.py:3895} INFO - 1 downstream tasks scheduled from follow-on schedule check
[2025-01-18T06:12:06.659+0000] {local_task_job_runner.py:245} INFO - ::endgroup::
