[2025-01-18T06:40:09.439+0000] {local_task_job_runner.py:123} INFO - ::group::Pre task execution logs
[2025-01-18T06:40:09.699+0000] {taskinstance.py:2613} INFO - Dependencies all met for dep_context=non-requeueable deps ti=<TaskInstance: user_data_to_duckdb.run_dbt_transform manual__2025-01-18T06:39:16.479396+00:00 [queued]>
[2025-01-18T06:40:09.716+0000] {taskinstance.py:2613} INFO - Dependencies all met for dep_context=requeueable deps ti=<TaskInstance: user_data_to_duckdb.run_dbt_transform manual__2025-01-18T06:39:16.479396+00:00 [queued]>
[2025-01-18T06:40:09.717+0000] {taskinstance.py:2866} INFO - Starting attempt 1 of 2
[2025-01-18T06:40:09.764+0000] {taskinstance.py:2889} INFO - Executing <Task(BashOperator): run_dbt_transform> on 2025-01-18 06:39:16.479396+00:00
[2025-01-18T06:40:09.782+0000] {warnings.py:112} WARNING - /home/***/.local/lib/python3.12/site-packages/***/task/task_runner/standard_task_runner.py:70: DeprecationWarning: This process (pid=473) is multi-threaded, use of fork() may lead to deadlocks in the child.
  pid = os.fork()

[2025-01-18T06:40:09.787+0000] {standard_task_runner.py:72} INFO - Started process 478 to run task
[2025-01-18T06:40:09.787+0000] {standard_task_runner.py:104} INFO - Running: ['***', 'tasks', 'run', 'user_data_to_duckdb', 'run_dbt_transform', 'manual__2025-01-18T06:39:16.479396+00:00', '--job-id', '172', '--raw', '--subdir', 'DAGS_FOLDER/api_duckdb_dag.py', '--cfg-path', '/tmp/tmpg3tmufa1']
[2025-01-18T06:40:09.790+0000] {standard_task_runner.py:105} INFO - Job 172: Subtask run_dbt_transform
[2025-01-18T06:40:09.917+0000] {task_command.py:467} INFO - Running <TaskInstance: user_data_to_duckdb.run_dbt_transform manual__2025-01-18T06:39:16.479396+00:00 [running]> on host f3f45916ac6f
[2025-01-18T06:40:10.121+0000] {taskinstance.py:3132} INFO - Exporting env vars: AIRFLOW_CTX_DAG_OWNER='***' AIRFLOW_CTX_DAG_ID='user_data_to_duckdb' AIRFLOW_CTX_TASK_ID='run_dbt_transform' AIRFLOW_CTX_EXECUTION_DATE='2025-01-18T06:39:16.479396+00:00' AIRFLOW_CTX_TRY_NUMBER='1' AIRFLOW_CTX_DAG_RUN_ID='manual__2025-01-18T06:39:16.479396+00:00'
[2025-01-18T06:40:10.123+0000] {logging_mixin.py:190} INFO - Task instance is in running state
[2025-01-18T06:40:10.124+0000] {logging_mixin.py:190} INFO -  Previous state of the Task instance: queued
[2025-01-18T06:40:10.125+0000] {logging_mixin.py:190} INFO - Current task name:run_dbt_transform state:running start_date:2025-01-18 06:40:09.700755+00:00
[2025-01-18T06:40:10.126+0000] {logging_mixin.py:190} INFO - Dag name:user_data_to_duckdb and current dag run status:running
[2025-01-18T06:40:10.127+0000] {taskinstance.py:731} INFO - ::endgroup::
[2025-01-18T06:40:10.135+0000] {subprocess.py:78} INFO - Tmp dir root location: /tmp
[2025-01-18T06:40:10.144+0000] {subprocess.py:88} INFO - Running command: ['/usr/bin/bash', '-c', '\n        cd /opt/***/dags/dbt_models &&         dbt run --profiles-dir /opt/***/.dbt --target dev\n        ']
[2025-01-18T06:40:10.166+0000] {subprocess.py:99} INFO - Output:
[2025-01-18T06:40:19.112+0000] {subprocess.py:106} INFO - [0m06:40:19  Running with dbt=1.9.1
[2025-01-18T06:40:20.845+0000] {subprocess.py:106} INFO - [0m06:40:20  Registered adapter: duckdb=1.9.1
[2025-01-18T06:40:22.221+0000] {subprocess.py:106} INFO - [0m06:40:22  [[33mWARNING[0m]: Configuration paths exist in your dbt_project.yml file which do not apply to any resources.
[2025-01-18T06:40:22.233+0000] {subprocess.py:106} INFO - There are 1 unused configuration paths:
[2025-01-18T06:40:22.235+0000] {subprocess.py:106} INFO - - models.my_dbt_project
[2025-01-18T06:40:23.000+0000] {subprocess.py:106} INFO - [0m06:40:22  Found 424 macros
[2025-01-18T06:40:23.051+0000] {subprocess.py:106} INFO - [0m06:40:23  Nothing to do. Try checking your model configs and model specification args
[2025-01-18T06:40:25.203+0000] {subprocess.py:110} INFO - Command exited with return code 0
[2025-01-18T06:40:25.820+0000] {taskinstance.py:340} INFO - ::group::Post task execution logs
[2025-01-18T06:40:25.821+0000] {taskinstance.py:352} INFO - Marking task as SUCCESS. dag_id=user_data_to_duckdb, task_id=run_dbt_transform, run_id=manual__2025-01-18T06:39:16.479396+00:00, execution_date=20250118T063916, start_date=20250118T064009, end_date=20250118T064025
[2025-01-18T06:40:25.870+0000] {logging_mixin.py:190} INFO - Task instance in success state
[2025-01-18T06:40:25.872+0000] {logging_mixin.py:190} INFO -  Previous state of the Task instance: running
[2025-01-18T06:40:25.873+0000] {logging_mixin.py:190} INFO - Dag name:user_data_to_duckdb queued_at:2025-01-18 06:39:16.549019+00:00
[2025-01-18T06:40:25.874+0000] {logging_mixin.py:190} INFO - Task hostname:f3f45916ac6f operator:BashOperator
[2025-01-18T06:40:25.942+0000] {local_task_job_runner.py:266} INFO - Task exited with return code 0
[2025-01-18T06:40:26.042+0000] {taskinstance.py:3895} INFO - 0 downstream tasks scheduled from follow-on schedule check
[2025-01-18T06:40:26.064+0000] {local_task_job_runner.py:245} INFO - ::endgroup::
