[2025-01-17T11:40:08.296+0000] {local_task_job_runner.py:123} INFO - ::group::Pre task execution logs
[2025-01-17T11:40:08.359+0000] {taskinstance.py:2613} INFO - Dependencies all met for dep_context=non-requeueable deps ti=<TaskInstance: user_data_to_duckdb.fetch_user_data_from_api manual__2025-01-17T11:25:03.967012+00:00 [queued]>
[2025-01-17T11:40:08.393+0000] {taskinstance.py:2613} INFO - Dependencies all met for dep_context=requeueable deps ti=<TaskInstance: user_data_to_duckdb.fetch_user_data_from_api manual__2025-01-17T11:25:03.967012+00:00 [queued]>
[2025-01-17T11:40:08.396+0000] {taskinstance.py:2866} INFO - Starting attempt 3 of 3
[2025-01-17T11:40:08.876+0000] {taskinstance.py:2889} INFO - Executing <Task(PythonOperator): fetch_user_data_from_api> on 2025-01-17 11:25:03.967012+00:00
[2025-01-17T11:40:08.909+0000] {warnings.py:112} WARNING - /home/***/.local/lib/python3.12/site-packages/***/task/task_runner/standard_task_runner.py:70: DeprecationWarning: This process (pid=149) is multi-threaded, use of fork() may lead to deadlocks in the child.
  pid = os.fork()

[2025-01-17T11:40:08.924+0000] {standard_task_runner.py:72} INFO - Started process 178 to run task
[2025-01-17T11:40:08.921+0000] {standard_task_runner.py:104} INFO - Running: ['***', 'tasks', 'run', 'user_data_to_duckdb', 'fetch_user_data_from_api', 'manual__2025-01-17T11:25:03.967012+00:00', '--job-id', '95', '--raw', '--subdir', 'DAGS_FOLDER/api_duckdb_dag.py', '--cfg-path', '/tmp/tmpgp_yg1s2']
[2025-01-17T11:40:08.929+0000] {standard_task_runner.py:105} INFO - Job 95: Subtask fetch_user_data_from_api
[2025-01-17T11:40:09.083+0000] {task_command.py:467} INFO - Running <TaskInstance: user_data_to_duckdb.fetch_user_data_from_api manual__2025-01-17T11:25:03.967012+00:00 [running]> on host 78d3b8284409
[2025-01-17T11:40:09.499+0000] {taskinstance.py:3132} INFO - Exporting env vars: AIRFLOW_CTX_DAG_OWNER='***' AIRFLOW_CTX_DAG_ID='user_data_to_duckdb' AIRFLOW_CTX_TASK_ID='fetch_user_data_from_api' AIRFLOW_CTX_EXECUTION_DATE='2025-01-17T11:25:03.967012+00:00' AIRFLOW_CTX_TRY_NUMBER='3' AIRFLOW_CTX_DAG_RUN_ID='manual__2025-01-17T11:25:03.967012+00:00'
[2025-01-17T11:40:09.514+0000] {logging_mixin.py:190} INFO - Task instance is in running state
[2025-01-17T11:40:09.516+0000] {logging_mixin.py:190} INFO -  Previous state of the Task instance: queued
[2025-01-17T11:40:09.520+0000] {logging_mixin.py:190} INFO - Current task name:fetch_user_data_from_api state:running start_date:2025-01-17 11:40:08.361564+00:00
[2025-01-17T11:40:09.523+0000] {logging_mixin.py:190} INFO - Dag name:user_data_to_duckdb and current dag run status:running
[2025-01-17T11:40:09.535+0000] {taskinstance.py:731} INFO - ::endgroup::
[2025-01-17T11:40:11.032+0000] {python.py:240} INFO - Done. Returned value was: /opt/***/apidata/users_data.json
[2025-01-17T11:40:11.290+0000] {taskinstance.py:340} INFO - ::group::Post task execution logs
[2025-01-17T11:40:11.295+0000] {taskinstance.py:352} INFO - Marking task as SUCCESS. dag_id=user_data_to_duckdb, task_id=fetch_user_data_from_api, run_id=manual__2025-01-17T11:25:03.967012+00:00, execution_date=20250117T112503, start_date=20250117T114008, end_date=20250117T114011
[2025-01-17T11:40:11.448+0000] {logging_mixin.py:190} INFO - Task instance in success state
[2025-01-17T11:40:11.459+0000] {logging_mixin.py:190} INFO -  Previous state of the Task instance: running
[2025-01-17T11:40:11.461+0000] {logging_mixin.py:190} INFO - Dag name:user_data_to_duckdb queued_at:2025-01-17 11:25:04.015306+00:00
[2025-01-17T11:40:11.462+0000] {logging_mixin.py:190} INFO - Task hostname:78d3b8284409 operator:PythonOperator
[2025-01-17T11:40:11.593+0000] {local_task_job_runner.py:266} INFO - Task exited with return code 0
[2025-01-17T11:40:11.671+0000] {local_task_job_runner.py:245} INFO - ::endgroup::
