[2025-01-17T10:32:46.726+0000] {local_task_job_runner.py:123} INFO - ::group::Pre task execution logs
[2025-01-17T10:32:47.004+0000] {taskinstance.py:2613} INFO - Dependencies all met for dep_context=non-requeueable deps ti=<TaskInstance: user_data_to_duckdb.save_data_to_duckdb manual__2025-01-17T10:24:53.472529+00:00 [queued]>
[2025-01-17T10:32:47.070+0000] {taskinstance.py:2613} INFO - Dependencies all met for dep_context=requeueable deps ti=<TaskInstance: user_data_to_duckdb.save_data_to_duckdb manual__2025-01-17T10:24:53.472529+00:00 [queued]>
[2025-01-17T10:32:47.072+0000] {taskinstance.py:2866} INFO - Starting attempt 2 of 2
[2025-01-17T10:32:47.152+0000] {taskinstance.py:2889} INFO - Executing <Task(PythonOperator): save_data_to_duckdb> on 2025-01-17 10:24:53.472529+00:00
[2025-01-17T10:32:47.210+0000] {warnings.py:112} WARNING - /home/***/.local/lib/python3.12/site-packages/***/task/task_runner/standard_task_runner.py:70: DeprecationWarning: This process (pid=502) is multi-threaded, use of fork() may lead to deadlocks in the child.
  pid = os.fork()

[2025-01-17T10:32:47.217+0000] {standard_task_runner.py:72} INFO - Started process 513 to run task
[2025-01-17T10:32:47.238+0000] {standard_task_runner.py:104} INFO - Running: ['***', 'tasks', 'run', 'user_data_to_duckdb', 'save_data_to_duckdb', 'manual__2025-01-17T10:24:53.472529+00:00', '--job-id', '76', '--raw', '--subdir', 'DAGS_FOLDER/api_duckdb_dag.py', '--cfg-path', '/tmp/tmph1upsfia']
[2025-01-17T10:32:47.243+0000] {standard_task_runner.py:105} INFO - Job 76: Subtask save_data_to_duckdb
[2025-01-17T10:32:57.697+0000] {cli_action_loggers.py:177} WARNING - Failed to log action (psycopg2.OperationalError) could not translate host name "postgres" to address: Temporary failure in name resolution

(Background on this error at: https://sqlalche.me/e/14/e3q8)
[2025-01-17T10:33:49.713+0000] {job.py:229} INFO - Heartbeat recovered after 64.15 seconds
[2025-01-17T10:33:50.103+0000] {task_command.py:467} INFO - Running <TaskInstance: user_data_to_duckdb.save_data_to_duckdb manual__2025-01-17T10:24:53.472529+00:00 [running]> on host 394999114d74
[2025-01-17T10:33:50.999+0000] {taskinstance.py:3132} INFO - Exporting env vars: AIRFLOW_CTX_DAG_OWNER='***' AIRFLOW_CTX_DAG_ID='user_data_to_duckdb' AIRFLOW_CTX_TASK_ID='save_data_to_duckdb' AIRFLOW_CTX_EXECUTION_DATE='2025-01-17T10:24:53.472529+00:00' AIRFLOW_CTX_TRY_NUMBER='2' AIRFLOW_CTX_DAG_RUN_ID='manual__2025-01-17T10:24:53.472529+00:00'
[2025-01-17T10:33:51.006+0000] {logging_mixin.py:190} INFO - Task instance is in running state
[2025-01-17T10:33:51.008+0000] {logging_mixin.py:190} INFO -  Previous state of the Task instance: queued
[2025-01-17T10:33:51.009+0000] {logging_mixin.py:190} INFO - Current task name:save_data_to_duckdb state:running start_date:2025-01-17 10:32:47.019073+00:00
[2025-01-17T10:33:51.017+0000] {logging_mixin.py:190} INFO - Dag name:user_data_to_duckdb and current dag run status:running
[2025-01-17T10:33:51.021+0000] {taskinstance.py:731} INFO - ::endgroup::
[2025-01-17T10:33:53.683+0000] {python.py:240} INFO - Done. Returned value was: None
[2025-01-17T10:33:53.997+0000] {taskinstance.py:340} INFO - ::group::Post task execution logs
[2025-01-17T10:33:54.000+0000] {taskinstance.py:352} INFO - Marking task as SUCCESS. dag_id=user_data_to_duckdb, task_id=save_data_to_duckdb, run_id=manual__2025-01-17T10:24:53.472529+00:00, execution_date=20250117T102453, start_date=20250117T103247, end_date=20250117T103353
[2025-01-17T10:33:54.230+0000] {logging_mixin.py:190} INFO - Task instance in success state
[2025-01-17T10:33:54.238+0000] {logging_mixin.py:190} INFO -  Previous state of the Task instance: running
[2025-01-17T10:33:54.242+0000] {logging_mixin.py:190} INFO - Dag name:user_data_to_duckdb queued_at:2025-01-17 10:24:53.901349+00:00
[2025-01-17T10:33:54.243+0000] {logging_mixin.py:190} INFO - Task hostname:394999114d74 operator:PythonOperator
[2025-01-17T10:33:54.467+0000] {local_task_job_runner.py:266} INFO - Task exited with return code 0
[2025-01-17T10:33:54.812+0000] {taskinstance.py:3895} INFO - 1 downstream tasks scheduled from follow-on schedule check
[2025-01-17T10:33:54.855+0000] {local_task_job_runner.py:245} INFO - ::endgroup::
