[2025-01-17T12:24:22.876+0000] {local_task_job_runner.py:123} INFO - ::group::Pre task execution logs
[2025-01-17T12:24:22.916+0000] {taskinstance.py:2613} INFO - Dependencies all met for dep_context=non-requeueable deps ti=<TaskInstance: user_data_to_duckdb.fetch_user_data_from_api manual__2025-01-17T11:42:34.497313+00:00 [queued]>
[2025-01-17T12:24:22.940+0000] {taskinstance.py:2613} INFO - Dependencies all met for dep_context=requeueable deps ti=<TaskInstance: user_data_to_duckdb.fetch_user_data_from_api manual__2025-01-17T11:42:34.497313+00:00 [queued]>
[2025-01-17T12:24:22.947+0000] {taskinstance.py:2866} INFO - Starting attempt 2 of 3
[2025-01-17T12:24:23.013+0000] {taskinstance.py:2889} INFO - Executing <Task(PythonOperator): fetch_user_data_from_api> on 2025-01-17 11:42:34.497313+00:00
[2025-01-17T12:24:23.047+0000] {warnings.py:112} WARNING - /home/***/.local/lib/python3.12/site-packages/***/task/task_runner/standard_task_runner.py:70: DeprecationWarning: This process (pid=692) is multi-threaded, use of fork() may lead to deadlocks in the child.
  pid = os.fork()

[2025-01-17T12:24:23.050+0000] {standard_task_runner.py:72} INFO - Started process 710 to run task
[2025-01-17T12:24:23.050+0000] {standard_task_runner.py:104} INFO - Running: ['***', 'tasks', 'run', 'user_data_to_duckdb', 'fetch_user_data_from_api', 'manual__2025-01-17T11:42:34.497313+00:00', '--job-id', '109', '--raw', '--subdir', 'DAGS_FOLDER/api_duckdb_dag.py', '--cfg-path', '/tmp/tmpwl0uvg5f']
[2025-01-17T12:24:23.053+0000] {standard_task_runner.py:105} INFO - Job 109: Subtask fetch_user_data_from_api
[2025-01-17T12:24:23.198+0000] {task_command.py:467} INFO - Running <TaskInstance: user_data_to_duckdb.fetch_user_data_from_api manual__2025-01-17T11:42:34.497313+00:00 [running]> on host 78d3b8284409
[2025-01-17T12:24:23.884+0000] {taskinstance.py:3132} INFO - Exporting env vars: AIRFLOW_CTX_DAG_OWNER='***' AIRFLOW_CTX_DAG_ID='user_data_to_duckdb' AIRFLOW_CTX_TASK_ID='fetch_user_data_from_api' AIRFLOW_CTX_EXECUTION_DATE='2025-01-17T11:42:34.497313+00:00' AIRFLOW_CTX_TRY_NUMBER='2' AIRFLOW_CTX_DAG_RUN_ID='manual__2025-01-17T11:42:34.497313+00:00'
[2025-01-17T12:24:23.888+0000] {logging_mixin.py:190} INFO - Task instance is in running state
[2025-01-17T12:24:23.889+0000] {logging_mixin.py:190} INFO -  Previous state of the Task instance: queued
[2025-01-17T12:24:23.890+0000] {logging_mixin.py:190} INFO - Current task name:fetch_user_data_from_api state:running start_date:2025-01-17 12:24:22.918033+00:00
[2025-01-17T12:24:23.890+0000] {logging_mixin.py:190} INFO - Dag name:user_data_to_duckdb and current dag run status:running
[2025-01-17T12:24:23.891+0000] {taskinstance.py:731} INFO - ::endgroup::
[2025-01-17T12:24:26.841+0000] {python.py:240} INFO - Done. Returned value was: /opt/***/apidata/users_data.json
[2025-01-17T12:24:26.973+0000] {taskinstance.py:340} INFO - ::group::Post task execution logs
[2025-01-17T12:24:26.974+0000] {taskinstance.py:352} INFO - Marking task as SUCCESS. dag_id=user_data_to_duckdb, task_id=fetch_user_data_from_api, run_id=manual__2025-01-17T11:42:34.497313+00:00, execution_date=20250117T114234, start_date=20250117T122422, end_date=20250117T122426
[2025-01-17T12:24:27.045+0000] {logging_mixin.py:190} INFO - Task instance in success state
[2025-01-17T12:24:27.047+0000] {logging_mixin.py:190} INFO -  Previous state of the Task instance: running
[2025-01-17T12:24:27.051+0000] {logging_mixin.py:190} INFO - Dag name:user_data_to_duckdb queued_at:2025-01-17 12:21:04.480267+00:00
[2025-01-17T12:24:27.055+0000] {logging_mixin.py:190} INFO - Task hostname:78d3b8284409 operator:PythonOperator
[2025-01-17T12:24:27.109+0000] {local_task_job_runner.py:266} INFO - Task exited with return code 0
[2025-01-17T12:24:27.169+0000] {taskinstance.py:3895} INFO - 1 downstream tasks scheduled from follow-on schedule check
[2025-01-17T12:24:27.390+0000] {local_task_job_runner.py:245} INFO - ::endgroup::
