[2025-01-20T08:13:40.517+0000] {local_task_job_runner.py:123} INFO - ::group::Pre task execution logs
[2025-01-20T08:13:40.737+0000] {taskinstance.py:2613} INFO - Dependencies all met for dep_context=non-requeueable deps ti=<TaskInstance: user_data_to_duckdb.save_data_to_duckdb scheduled__2025-01-19T00:00:00+00:00 [queued]>
[2025-01-20T08:13:40.759+0000] {taskinstance.py:2613} INFO - Dependencies all met for dep_context=requeueable deps ti=<TaskInstance: user_data_to_duckdb.save_data_to_duckdb scheduled__2025-01-19T00:00:00+00:00 [queued]>
[2025-01-20T08:13:40.760+0000] {taskinstance.py:2866} INFO - Starting attempt 2 of 3
[2025-01-20T08:13:40.787+0000] {taskinstance.py:2889} INFO - Executing <Task(PythonOperator): save_data_to_duckdb> on 2025-01-19 00:00:00+00:00
[2025-01-20T08:13:40.800+0000] {warnings.py:112} WARNING - /home/***/.local/lib/python3.12/site-packages/***/task/task_runner/standard_task_runner.py:70: DeprecationWarning: This process (pid=255) is multi-threaded, use of fork() may lead to deadlocks in the child.
  pid = os.fork()

[2025-01-20T08:13:40.804+0000] {standard_task_runner.py:72} INFO - Started process 260 to run task
[2025-01-20T08:13:40.805+0000] {standard_task_runner.py:104} INFO - Running: ['***', 'tasks', 'run', 'user_data_to_duckdb', 'save_data_to_duckdb', 'scheduled__2025-01-19T00:00:00+00:00', '--job-id', '9', '--raw', '--subdir', 'DAGS_FOLDER/api_duckdb_dag.py', '--cfg-path', '/tmp/tmpcs99pmnr']
[2025-01-20T08:13:40.807+0000] {standard_task_runner.py:105} INFO - Job 9: Subtask save_data_to_duckdb
[2025-01-20T08:13:40.901+0000] {task_command.py:467} INFO - Running <TaskInstance: user_data_to_duckdb.save_data_to_duckdb scheduled__2025-01-19T00:00:00+00:00 [running]> on host af5c9462b200
[2025-01-20T08:13:41.044+0000] {taskinstance.py:3132} INFO - Exporting env vars: AIRFLOW_CTX_DAG_OWNER='***' AIRFLOW_CTX_DAG_ID='user_data_to_duckdb' AIRFLOW_CTX_TASK_ID='save_data_to_duckdb' AIRFLOW_CTX_EXECUTION_DATE='2025-01-19T00:00:00+00:00' AIRFLOW_CTX_TRY_NUMBER='2' AIRFLOW_CTX_DAG_RUN_ID='scheduled__2025-01-19T00:00:00+00:00'
[2025-01-20T08:13:41.048+0000] {logging_mixin.py:190} INFO - Task instance is in running state
[2025-01-20T08:13:41.049+0000] {logging_mixin.py:190} INFO -  Previous state of the Task instance: queued
[2025-01-20T08:13:41.050+0000] {logging_mixin.py:190} INFO - Current task name:save_data_to_duckdb state:running start_date:2025-01-20 08:13:40.738045+00:00
[2025-01-20T08:13:41.051+0000] {logging_mixin.py:190} INFO - Dag name:user_data_to_duckdb and current dag run status:running
[2025-01-20T08:13:41.051+0000] {taskinstance.py:731} INFO - ::endgroup::
[2025-01-20T08:13:41.220+0000] {python.py:240} INFO - Done. Returned value was: None
[2025-01-20T08:13:41.235+0000] {taskinstance.py:340} INFO - ::group::Post task execution logs
[2025-01-20T08:13:41.236+0000] {taskinstance.py:352} INFO - Marking task as SUCCESS. dag_id=user_data_to_duckdb, task_id=save_data_to_duckdb, run_id=scheduled__2025-01-19T00:00:00+00:00, execution_date=20250119T000000, start_date=20250120T081340, end_date=20250120T081341
[2025-01-20T08:13:41.252+0000] {logging_mixin.py:190} INFO - Task instance in success state
[2025-01-20T08:13:41.252+0000] {logging_mixin.py:190} INFO -  Previous state of the Task instance: running
[2025-01-20T08:13:41.253+0000] {logging_mixin.py:190} INFO - Dag name:user_data_to_duckdb queued_at:2025-01-20 08:08:54.720969+00:00
[2025-01-20T08:13:41.254+0000] {logging_mixin.py:190} INFO - Task hostname:af5c9462b200 operator:PythonOperator
[2025-01-20T08:13:41.305+0000] {local_task_job_runner.py:266} INFO - Task exited with return code 0
[2025-01-20T08:13:41.342+0000] {taskinstance.py:3895} INFO - 1 downstream tasks scheduled from follow-on schedule check
[2025-01-20T08:13:41.346+0000] {local_task_job_runner.py:245} INFO - ::endgroup::
