[2025-01-20T09:49:16.152+0000] {local_task_job_runner.py:123} INFO - ::group::Pre task execution logs
[2025-01-20T09:49:16.499+0000] {taskinstance.py:2613} INFO - Dependencies all met for dep_context=non-requeueable deps ti=<TaskInstance: user_data_to_duckdb.save_data_to_duckdb manual__2025-01-20T09:47:47.348946+00:00 [queued]>
[2025-01-20T09:49:16.545+0000] {taskinstance.py:2613} INFO - Dependencies all met for dep_context=requeueable deps ti=<TaskInstance: user_data_to_duckdb.save_data_to_duckdb manual__2025-01-20T09:47:47.348946+00:00 [queued]>
[2025-01-20T09:49:16.550+0000] {taskinstance.py:2866} INFO - Starting attempt 1 of 2
[2025-01-20T09:49:16.647+0000] {taskinstance.py:2889} INFO - Executing <Task(PythonOperator): save_data_to_duckdb> on 2025-01-20 09:47:47.348946+00:00
[2025-01-20T09:49:16.715+0000] {warnings.py:112} WARNING - /home/***/.local/lib/python3.12/site-packages/***/task/task_runner/standard_task_runner.py:70: DeprecationWarning: This process (pid=216) is multi-threaded, use of fork() may lead to deadlocks in the child.
  pid = os.fork()

[2025-01-20T09:49:16.717+0000] {standard_task_runner.py:104} INFO - Running: ['***', 'tasks', 'run', 'user_data_to_duckdb', 'save_data_to_duckdb', 'manual__2025-01-20T09:47:47.348946+00:00', '--job-id', '6', '--raw', '--subdir', 'DAGS_FOLDER/api_duckdb_dag.py', '--cfg-path', '/tmp/tmp8y5iiky9']
[2025-01-20T09:49:16.720+0000] {standard_task_runner.py:72} INFO - Started process 221 to run task
[2025-01-20T09:49:16.721+0000] {standard_task_runner.py:105} INFO - Job 6: Subtask save_data_to_duckdb
[2025-01-20T09:49:16.943+0000] {task_command.py:467} INFO - Running <TaskInstance: user_data_to_duckdb.save_data_to_duckdb manual__2025-01-20T09:47:47.348946+00:00 [running]> on host b07af8d3a0b2
[2025-01-20T09:49:17.270+0000] {taskinstance.py:3132} INFO - Exporting env vars: AIRFLOW_CTX_DAG_OWNER='***' AIRFLOW_CTX_DAG_ID='user_data_to_duckdb' AIRFLOW_CTX_TASK_ID='save_data_to_duckdb' AIRFLOW_CTX_EXECUTION_DATE='2025-01-20T09:47:47.348946+00:00' AIRFLOW_CTX_TRY_NUMBER='1' AIRFLOW_CTX_DAG_RUN_ID='manual__2025-01-20T09:47:47.348946+00:00'
[2025-01-20T09:49:17.273+0000] {logging_mixin.py:190} INFO - Task instance is in running state
[2025-01-20T09:49:17.275+0000] {logging_mixin.py:190} INFO -  Previous state of the Task instance: queued
[2025-01-20T09:49:17.276+0000] {logging_mixin.py:190} INFO - Current task name:save_data_to_duckdb state:running start_date:2025-01-20 09:49:16.500629+00:00
[2025-01-20T09:49:17.277+0000] {logging_mixin.py:190} INFO - Dag name:user_data_to_duckdb and current dag run status:running
[2025-01-20T09:49:17.278+0000] {taskinstance.py:731} INFO - ::endgroup::
[2025-01-20T09:49:17.778+0000] {python.py:240} INFO - Done. Returned value was: None
[2025-01-20T09:49:17.817+0000] {taskinstance.py:340} INFO - ::group::Post task execution logs
[2025-01-20T09:49:17.819+0000] {taskinstance.py:352} INFO - Marking task as SUCCESS. dag_id=user_data_to_duckdb, task_id=save_data_to_duckdb, run_id=manual__2025-01-20T09:47:47.348946+00:00, execution_date=20250120T094747, start_date=20250120T094916, end_date=20250120T094917
[2025-01-20T09:49:17.878+0000] {logging_mixin.py:190} INFO - Task instance in success state
[2025-01-20T09:49:17.879+0000] {logging_mixin.py:190} INFO -  Previous state of the Task instance: running
[2025-01-20T09:49:17.880+0000] {logging_mixin.py:190} INFO - Dag name:user_data_to_duckdb queued_at:2025-01-20 09:47:47.918194+00:00
[2025-01-20T09:49:17.881+0000] {logging_mixin.py:190} INFO - Task hostname:b07af8d3a0b2 operator:PythonOperator
[2025-01-20T09:49:17.958+0000] {local_task_job_runner.py:266} INFO - Task exited with return code 0
[2025-01-20T09:49:18.039+0000] {taskinstance.py:3895} INFO - 1 downstream tasks scheduled from follow-on schedule check
[2025-01-20T09:49:18.060+0000] {local_task_job_runner.py:245} INFO - ::endgroup::
