[2025-01-17T13:18:34.346+0000] {local_task_job_runner.py:123} INFO - ::group::Pre task execution logs
[2025-01-17T13:18:34.374+0000] {taskinstance.py:2613} INFO - Dependencies all met for dep_context=non-requeueable deps ti=<TaskInstance: user_data_to_duckdb.save_data_to_duckdb manual__2025-01-17T13:15:51.388372+00:00 [queued]>
[2025-01-17T13:18:34.390+0000] {taskinstance.py:2613} INFO - Dependencies all met for dep_context=requeueable deps ti=<TaskInstance: user_data_to_duckdb.save_data_to_duckdb manual__2025-01-17T13:15:51.388372+00:00 [queued]>
[2025-01-17T13:18:34.391+0000] {taskinstance.py:2866} INFO - Starting attempt 2 of 3
[2025-01-17T13:18:34.433+0000] {taskinstance.py:2889} INFO - Executing <Task(PythonOperator): save_data_to_duckdb> on 2025-01-17 13:15:51.388372+00:00
[2025-01-17T13:18:34.452+0000] {warnings.py:112} WARNING - /home/***/.local/lib/python3.12/site-packages/***/task/task_runner/standard_task_runner.py:70: DeprecationWarning: This process (pid=209) is multi-threaded, use of fork() may lead to deadlocks in the child.
  pid = os.fork()

[2025-01-17T13:18:34.454+0000] {standard_task_runner.py:72} INFO - Started process 221 to run task
[2025-01-17T13:18:34.457+0000] {standard_task_runner.py:104} INFO - Running: ['***', 'tasks', 'run', 'user_data_to_duckdb', 'save_data_to_duckdb', 'manual__2025-01-17T13:15:51.388372+00:00', '--job-id', '142', '--raw', '--subdir', 'DAGS_FOLDER/api_duckdb_dag.py', '--cfg-path', '/tmp/tmpq05hvmnz']
[2025-01-17T13:18:34.461+0000] {standard_task_runner.py:105} INFO - Job 142: Subtask save_data_to_duckdb
[2025-01-17T13:18:34.567+0000] {task_command.py:467} INFO - Running <TaskInstance: user_data_to_duckdb.save_data_to_duckdb manual__2025-01-17T13:15:51.388372+00:00 [running]> on host f3f45916ac6f
[2025-01-17T13:18:34.935+0000] {taskinstance.py:3132} INFO - Exporting env vars: AIRFLOW_CTX_DAG_OWNER='***' AIRFLOW_CTX_DAG_ID='user_data_to_duckdb' AIRFLOW_CTX_TASK_ID='save_data_to_duckdb' AIRFLOW_CTX_EXECUTION_DATE='2025-01-17T13:15:51.388372+00:00' AIRFLOW_CTX_TRY_NUMBER='2' AIRFLOW_CTX_DAG_RUN_ID='manual__2025-01-17T13:15:51.388372+00:00'
[2025-01-17T13:18:34.940+0000] {logging_mixin.py:190} INFO - Task instance is in running state
[2025-01-17T13:18:34.941+0000] {logging_mixin.py:190} INFO -  Previous state of the Task instance: queued
[2025-01-17T13:18:34.942+0000] {logging_mixin.py:190} INFO - Current task name:save_data_to_duckdb state:running start_date:2025-01-17 13:18:34.375544+00:00
[2025-01-17T13:18:34.945+0000] {logging_mixin.py:190} INFO - Dag name:user_data_to_duckdb and current dag run status:running
[2025-01-17T13:18:34.946+0000] {taskinstance.py:731} INFO - ::endgroup::
[2025-01-17T13:18:36.111+0000] {python.py:240} INFO - Done. Returned value was: None
[2025-01-17T13:18:36.167+0000] {taskinstance.py:340} INFO - ::group::Post task execution logs
[2025-01-17T13:18:36.170+0000] {taskinstance.py:352} INFO - Marking task as SUCCESS. dag_id=user_data_to_duckdb, task_id=save_data_to_duckdb, run_id=manual__2025-01-17T13:15:51.388372+00:00, execution_date=20250117T131551, start_date=20250117T131834, end_date=20250117T131836
[2025-01-17T13:18:36.271+0000] {logging_mixin.py:190} INFO - Task instance in success state
[2025-01-17T13:18:36.273+0000] {logging_mixin.py:190} INFO -  Previous state of the Task instance: running
[2025-01-17T13:18:36.290+0000] {logging_mixin.py:190} INFO - Dag name:user_data_to_duckdb queued_at:2025-01-17 13:15:51.973520+00:00
[2025-01-17T13:18:36.310+0000] {logging_mixin.py:190} INFO - Task hostname:f3f45916ac6f operator:PythonOperator
[2025-01-17T13:18:36.500+0000] {local_task_job_runner.py:266} INFO - Task exited with return code 0
[2025-01-17T13:18:36.567+0000] {local_task_job_runner.py:245} INFO - ::endgroup::
