[2025-01-20T07:07:17.748+0000] {local_task_job_runner.py:123} INFO - ::group::Pre task execution logs
[2025-01-20T07:07:18.507+0000] {taskinstance.py:2613} INFO - Dependencies all met for dep_context=non-requeueable deps ti=<TaskInstance: user_data_to_duckdb.save_data_to_duckdb manual__2025-01-20T07:01:29.700125+00:00 [queued]>
[2025-01-20T07:07:18.551+0000] {taskinstance.py:2613} INFO - Dependencies all met for dep_context=requeueable deps ti=<TaskInstance: user_data_to_duckdb.save_data_to_duckdb manual__2025-01-20T07:01:29.700125+00:00 [queued]>
[2025-01-20T07:07:18.557+0000] {taskinstance.py:2866} INFO - Starting attempt 1 of 2
[2025-01-20T07:07:18.623+0000] {taskinstance.py:2889} INFO - Executing <Task(PythonOperator): save_data_to_duckdb> on 2025-01-20 07:01:29.700125+00:00
[2025-01-20T07:07:18.669+0000] {standard_task_runner.py:104} INFO - Running: ['***', 'tasks', 'run', 'user_data_to_duckdb', 'save_data_to_duckdb', 'manual__2025-01-20T07:01:29.700125+00:00', '--job-id', '8', '--raw', '--subdir', 'DAGS_FOLDER/api_duckdb_dag.py', '--cfg-path', '/tmp/tmp_cxt0eqh']
[2025-01-20T07:07:18.680+0000] {standard_task_runner.py:105} INFO - Job 8: Subtask save_data_to_duckdb
[2025-01-20T07:07:18.674+0000] {warnings.py:112} WARNING - /home/***/.local/lib/python3.12/site-packages/***/task/task_runner/standard_task_runner.py:70: DeprecationWarning: This process (pid=262) is multi-threaded, use of fork() may lead to deadlocks in the child.
  pid = os.fork()

[2025-01-20T07:07:18.683+0000] {standard_task_runner.py:72} INFO - Started process 271 to run task
[2025-01-20T07:07:18.814+0000] {task_command.py:467} INFO - Running <TaskInstance: user_data_to_duckdb.save_data_to_duckdb manual__2025-01-20T07:01:29.700125+00:00 [running]> on host f1a6bf7b32bb
[2025-01-20T07:07:19.297+0000] {taskinstance.py:3132} INFO - Exporting env vars: AIRFLOW_CTX_DAG_OWNER='***' AIRFLOW_CTX_DAG_ID='user_data_to_duckdb' AIRFLOW_CTX_TASK_ID='save_data_to_duckdb' AIRFLOW_CTX_EXECUTION_DATE='2025-01-20T07:01:29.700125+00:00' AIRFLOW_CTX_TRY_NUMBER='1' AIRFLOW_CTX_DAG_RUN_ID='manual__2025-01-20T07:01:29.700125+00:00'
[2025-01-20T07:07:19.305+0000] {logging_mixin.py:190} INFO - Task instance is in running state
[2025-01-20T07:07:19.306+0000] {logging_mixin.py:190} INFO -  Previous state of the Task instance: queued
[2025-01-20T07:07:19.308+0000] {logging_mixin.py:190} INFO - Current task name:save_data_to_duckdb state:running start_date:2025-01-20 07:07:18.518224+00:00
[2025-01-20T07:07:19.309+0000] {logging_mixin.py:190} INFO - Dag name:user_data_to_duckdb and current dag run status:running
[2025-01-20T07:07:19.316+0000] {taskinstance.py:731} INFO - ::endgroup::
[2025-01-20T07:07:19.736+0000] {python.py:240} INFO - Done. Returned value was: None
[2025-01-20T07:07:19.762+0000] {taskinstance.py:340} INFO - ::group::Post task execution logs
[2025-01-20T07:07:19.764+0000] {taskinstance.py:352} INFO - Marking task as SUCCESS. dag_id=user_data_to_duckdb, task_id=save_data_to_duckdb, run_id=manual__2025-01-20T07:01:29.700125+00:00, execution_date=20250120T070129, start_date=20250120T070718, end_date=20250120T070719
[2025-01-20T07:07:19.796+0000] {logging_mixin.py:190} INFO - Task instance in success state
[2025-01-20T07:07:19.797+0000] {logging_mixin.py:190} INFO -  Previous state of the Task instance: running
[2025-01-20T07:07:19.798+0000] {logging_mixin.py:190} INFO - Dag name:user_data_to_duckdb queued_at:2025-01-20 07:01:30.088586+00:00
[2025-01-20T07:07:19.799+0000] {logging_mixin.py:190} INFO - Task hostname:f1a6bf7b32bb operator:PythonOperator
[2025-01-20T07:07:19.861+0000] {local_task_job_runner.py:266} INFO - Task exited with return code 0
[2025-01-20T07:07:19.971+0000] {taskinstance.py:3895} INFO - 1 downstream tasks scheduled from follow-on schedule check
[2025-01-20T07:07:19.988+0000] {local_task_job_runner.py:245} INFO - ::endgroup::
