[2025-01-20T08:29:09.400+0000] {local_task_job_runner.py:123} INFO - ::group::Pre task execution logs
[2025-01-20T08:29:09.739+0000] {taskinstance.py:2613} INFO - Dependencies all met for dep_context=non-requeueable deps ti=<TaskInstance: user_data_to_duckdb.save_data_to_duckdb manual__2025-01-20T08:28:43.659522+00:00 [queued]>
[2025-01-20T08:29:09.764+0000] {taskinstance.py:2613} INFO - Dependencies all met for dep_context=requeueable deps ti=<TaskInstance: user_data_to_duckdb.save_data_to_duckdb manual__2025-01-20T08:28:43.659522+00:00 [queued]>
[2025-01-20T08:29:09.766+0000] {taskinstance.py:2866} INFO - Starting attempt 1 of 2
[2025-01-20T08:29:09.818+0000] {taskinstance.py:2889} INFO - Executing <Task(PythonOperator): save_data_to_duckdb> on 2025-01-20 08:28:43.659522+00:00
[2025-01-20T08:29:09.855+0000] {warnings.py:112} WARNING - /home/***/.local/lib/python3.12/site-packages/***/task/task_runner/standard_task_runner.py:70: DeprecationWarning: This process (pid=550) is multi-threaded, use of fork() may lead to deadlocks in the child.
  pid = os.fork()

[2025-01-20T08:29:09.863+0000] {standard_task_runner.py:104} INFO - Running: ['***', 'tasks', 'run', 'user_data_to_duckdb', 'save_data_to_duckdb', 'manual__2025-01-20T08:28:43.659522+00:00', '--job-id', '20', '--raw', '--subdir', 'DAGS_FOLDER/api_duckdb_dag.py', '--cfg-path', '/tmp/tmpkrxn7tsu']
[2025-01-20T08:29:09.866+0000] {standard_task_runner.py:72} INFO - Started process 555 to run task
[2025-01-20T08:29:09.869+0000] {standard_task_runner.py:105} INFO - Job 20: Subtask save_data_to_duckdb
[2025-01-20T08:29:10.047+0000] {task_command.py:467} INFO - Running <TaskInstance: user_data_to_duckdb.save_data_to_duckdb manual__2025-01-20T08:28:43.659522+00:00 [running]> on host af5c9462b200
[2025-01-20T08:29:10.356+0000] {taskinstance.py:3132} INFO - Exporting env vars: AIRFLOW_CTX_DAG_OWNER='***' AIRFLOW_CTX_DAG_ID='user_data_to_duckdb' AIRFLOW_CTX_TASK_ID='save_data_to_duckdb' AIRFLOW_CTX_EXECUTION_DATE='2025-01-20T08:28:43.659522+00:00' AIRFLOW_CTX_TRY_NUMBER='1' AIRFLOW_CTX_DAG_RUN_ID='manual__2025-01-20T08:28:43.659522+00:00'
[2025-01-20T08:29:10.360+0000] {logging_mixin.py:190} INFO - Task instance is in running state
[2025-01-20T08:29:10.362+0000] {logging_mixin.py:190} INFO -  Previous state of the Task instance: queued
[2025-01-20T08:29:10.363+0000] {logging_mixin.py:190} INFO - Current task name:save_data_to_duckdb state:running start_date:2025-01-20 08:29:09.741002+00:00
[2025-01-20T08:29:10.364+0000] {logging_mixin.py:190} INFO - Dag name:user_data_to_duckdb and current dag run status:running
[2025-01-20T08:29:10.365+0000] {taskinstance.py:731} INFO - ::endgroup::
[2025-01-20T08:29:10.942+0000] {python.py:240} INFO - Done. Returned value was: None
[2025-01-20T08:29:11.171+0000] {taskinstance.py:340} INFO - ::group::Post task execution logs
[2025-01-20T08:29:11.187+0000] {taskinstance.py:352} INFO - Marking task as SUCCESS. dag_id=user_data_to_duckdb, task_id=save_data_to_duckdb, run_id=manual__2025-01-20T08:28:43.659522+00:00, execution_date=20250120T082843, start_date=20250120T082909, end_date=20250120T082911
[2025-01-20T08:29:11.253+0000] {logging_mixin.py:190} INFO - Task instance in success state
[2025-01-20T08:29:11.255+0000] {logging_mixin.py:190} INFO -  Previous state of the Task instance: running
[2025-01-20T08:29:11.256+0000] {logging_mixin.py:190} INFO - Dag name:user_data_to_duckdb queued_at:2025-01-20 08:28:43.776172+00:00
[2025-01-20T08:29:11.259+0000] {logging_mixin.py:190} INFO - Task hostname:af5c9462b200 operator:PythonOperator
[2025-01-20T08:29:11.374+0000] {local_task_job_runner.py:266} INFO - Task exited with return code 0
[2025-01-20T08:29:11.459+0000] {taskinstance.py:3895} INFO - 1 downstream tasks scheduled from follow-on schedule check
[2025-01-20T08:29:11.479+0000] {local_task_job_runner.py:245} INFO - ::endgroup::
