[2025-01-20T08:40:38.087+0000] {local_task_job_runner.py:123} INFO - ::group::Pre task execution logs
[2025-01-20T08:40:38.420+0000] {taskinstance.py:2613} INFO - Dependencies all met for dep_context=non-requeueable deps ti=<TaskInstance: user_data_to_duckdb.save_data_to_duckdb manual__2025-01-20T08:28:43.659522+00:00 [queued]>
[2025-01-20T08:40:38.441+0000] {taskinstance.py:2613} INFO - Dependencies all met for dep_context=requeueable deps ti=<TaskInstance: user_data_to_duckdb.save_data_to_duckdb manual__2025-01-20T08:28:43.659522+00:00 [queued]>
[2025-01-20T08:40:38.443+0000] {taskinstance.py:2866} INFO - Starting attempt 2 of 3
[2025-01-20T08:40:38.534+0000] {taskinstance.py:2889} INFO - Executing <Task(PythonOperator): save_data_to_duckdb> on 2025-01-20 08:28:43.659522+00:00
[2025-01-20T08:40:38.579+0000] {warnings.py:112} WARNING - /home/***/.local/lib/python3.12/site-packages/***/task/task_runner/standard_task_runner.py:70: DeprecationWarning: This process (pid=727) is multi-threaded, use of fork() may lead to deadlocks in the child.
  pid = os.fork()

[2025-01-20T08:40:38.591+0000] {standard_task_runner.py:104} INFO - Running: ['***', 'tasks', 'run', 'user_data_to_duckdb', 'save_data_to_duckdb', 'manual__2025-01-20T08:28:43.659522+00:00', '--job-id', '25', '--raw', '--subdir', 'DAGS_FOLDER/api_duckdb_dag.py', '--cfg-path', '/tmp/tmpyl9ti6o8']
[2025-01-20T08:40:38.582+0000] {standard_task_runner.py:72} INFO - Started process 732 to run task
[2025-01-20T08:40:38.594+0000] {standard_task_runner.py:105} INFO - Job 25: Subtask save_data_to_duckdb
[2025-01-20T08:40:38.764+0000] {task_command.py:467} INFO - Running <TaskInstance: user_data_to_duckdb.save_data_to_duckdb manual__2025-01-20T08:28:43.659522+00:00 [running]> on host af5c9462b200
[2025-01-20T08:40:39.220+0000] {taskinstance.py:3132} INFO - Exporting env vars: AIRFLOW_CTX_DAG_OWNER='***' AIRFLOW_CTX_DAG_ID='user_data_to_duckdb' AIRFLOW_CTX_TASK_ID='save_data_to_duckdb' AIRFLOW_CTX_EXECUTION_DATE='2025-01-20T08:28:43.659522+00:00' AIRFLOW_CTX_TRY_NUMBER='2' AIRFLOW_CTX_DAG_RUN_ID='manual__2025-01-20T08:28:43.659522+00:00'
[2025-01-20T08:40:39.226+0000] {logging_mixin.py:190} INFO - Task instance is in running state
[2025-01-20T08:40:39.227+0000] {logging_mixin.py:190} INFO -  Previous state of the Task instance: queued
[2025-01-20T08:40:39.230+0000] {logging_mixin.py:190} INFO - Current task name:save_data_to_duckdb state:running start_date:2025-01-20 08:40:38.421293+00:00
[2025-01-20T08:40:39.237+0000] {logging_mixin.py:190} INFO - Dag name:user_data_to_duckdb and current dag run status:running
[2025-01-20T08:40:39.239+0000] {taskinstance.py:731} INFO - ::endgroup::
[2025-01-20T08:40:40.012+0000] {python.py:240} INFO - Done. Returned value was: None
[2025-01-20T08:40:40.037+0000] {taskinstance.py:340} INFO - ::group::Post task execution logs
[2025-01-20T08:40:40.038+0000] {taskinstance.py:352} INFO - Marking task as SUCCESS. dag_id=user_data_to_duckdb, task_id=save_data_to_duckdb, run_id=manual__2025-01-20T08:28:43.659522+00:00, execution_date=20250120T082843, start_date=20250120T084038, end_date=20250120T084040
[2025-01-20T08:40:40.078+0000] {logging_mixin.py:190} INFO - Task instance in success state
[2025-01-20T08:40:40.079+0000] {logging_mixin.py:190} INFO -  Previous state of the Task instance: running
[2025-01-20T08:40:40.080+0000] {logging_mixin.py:190} INFO - Dag name:user_data_to_duckdb queued_at:2025-01-20 08:28:43.776172+00:00
[2025-01-20T08:40:40.081+0000] {logging_mixin.py:190} INFO - Task hostname:af5c9462b200 operator:PythonOperator
[2025-01-20T08:40:40.148+0000] {local_task_job_runner.py:266} INFO - Task exited with return code 0
[2025-01-20T08:40:40.215+0000] {taskinstance.py:3895} INFO - 1 downstream tasks scheduled from follow-on schedule check
[2025-01-20T08:40:40.237+0000] {local_task_job_runner.py:245} INFO - ::endgroup::
