[2025-01-20T08:45:41.242+0000] {local_task_job_runner.py:123} INFO - ::group::Pre task execution logs
[2025-01-20T08:45:41.427+0000] {taskinstance.py:2613} INFO - Dependencies all met for dep_context=non-requeueable deps ti=<TaskInstance: user_data_to_duckdb.save_data_to_duckdb manual__2025-01-20T08:28:43.659522+00:00 [queued]>
[2025-01-20T08:45:41.441+0000] {taskinstance.py:2613} INFO - Dependencies all met for dep_context=requeueable deps ti=<TaskInstance: user_data_to_duckdb.save_data_to_duckdb manual__2025-01-20T08:28:43.659522+00:00 [queued]>
[2025-01-20T08:45:41.442+0000] {taskinstance.py:2866} INFO - Starting attempt 3 of 4
[2025-01-20T08:45:41.465+0000] {taskinstance.py:2889} INFO - Executing <Task(PythonOperator): save_data_to_duckdb> on 2025-01-20 08:28:43.659522+00:00
[2025-01-20T08:45:41.475+0000] {warnings.py:112} WARNING - /home/***/.local/lib/python3.12/site-packages/***/task/task_runner/standard_task_runner.py:70: DeprecationWarning: This process (pid=828) is multi-threaded, use of fork() may lead to deadlocks in the child.
  pid = os.fork()

[2025-01-20T08:45:41.479+0000] {standard_task_runner.py:72} INFO - Started process 833 to run task
[2025-01-20T08:45:41.481+0000] {standard_task_runner.py:104} INFO - Running: ['***', 'tasks', 'run', 'user_data_to_duckdb', 'save_data_to_duckdb', 'manual__2025-01-20T08:28:43.659522+00:00', '--job-id', '28', '--raw', '--subdir', 'DAGS_FOLDER/api_duckdb_dag.py', '--cfg-path', '/tmp/tmpfn7n23yb']
[2025-01-20T08:45:41.484+0000] {standard_task_runner.py:105} INFO - Job 28: Subtask save_data_to_duckdb
[2025-01-20T08:45:41.558+0000] {task_command.py:467} INFO - Running <TaskInstance: user_data_to_duckdb.save_data_to_duckdb manual__2025-01-20T08:28:43.659522+00:00 [running]> on host af5c9462b200
[2025-01-20T08:45:41.689+0000] {taskinstance.py:3132} INFO - Exporting env vars: AIRFLOW_CTX_DAG_OWNER='***' AIRFLOW_CTX_DAG_ID='user_data_to_duckdb' AIRFLOW_CTX_TASK_ID='save_data_to_duckdb' AIRFLOW_CTX_EXECUTION_DATE='2025-01-20T08:28:43.659522+00:00' AIRFLOW_CTX_TRY_NUMBER='3' AIRFLOW_CTX_DAG_RUN_ID='manual__2025-01-20T08:28:43.659522+00:00'
[2025-01-20T08:45:41.691+0000] {logging_mixin.py:190} INFO - Task instance is in running state
[2025-01-20T08:45:41.692+0000] {logging_mixin.py:190} INFO -  Previous state of the Task instance: queued
[2025-01-20T08:45:41.693+0000] {logging_mixin.py:190} INFO - Current task name:save_data_to_duckdb state:running start_date:2025-01-20 08:45:41.428840+00:00
[2025-01-20T08:45:41.693+0000] {logging_mixin.py:190} INFO - Dag name:user_data_to_duckdb and current dag run status:running
[2025-01-20T08:45:41.694+0000] {taskinstance.py:731} INFO - ::endgroup::
[2025-01-20T08:45:41.888+0000] {python.py:240} INFO - Done. Returned value was: None
[2025-01-20T08:45:41.903+0000] {taskinstance.py:340} INFO - ::group::Post task execution logs
[2025-01-20T08:45:41.904+0000] {taskinstance.py:352} INFO - Marking task as SUCCESS. dag_id=user_data_to_duckdb, task_id=save_data_to_duckdb, run_id=manual__2025-01-20T08:28:43.659522+00:00, execution_date=20250120T082843, start_date=20250120T084541, end_date=20250120T084541
[2025-01-20T08:45:41.920+0000] {logging_mixin.py:190} INFO - Task instance in success state
[2025-01-20T08:45:41.921+0000] {logging_mixin.py:190} INFO -  Previous state of the Task instance: running
[2025-01-20T08:45:41.922+0000] {logging_mixin.py:190} INFO - Dag name:user_data_to_duckdb queued_at:2025-01-20 08:28:43.776172+00:00
[2025-01-20T08:45:41.922+0000] {logging_mixin.py:190} INFO - Task hostname:af5c9462b200 operator:PythonOperator
[2025-01-20T08:45:41.980+0000] {local_task_job_runner.py:266} INFO - Task exited with return code 0
[2025-01-20T08:45:42.011+0000] {taskinstance.py:3895} INFO - 1 downstream tasks scheduled from follow-on schedule check
[2025-01-20T08:45:42.016+0000] {local_task_job_runner.py:245} INFO - ::endgroup::
