[2025-01-17T10:10:32.479+0000] {local_task_job_runner.py:123} INFO - ::group::Pre task execution logs
[2025-01-17T10:10:33.488+0000] {taskinstance.py:2613} INFO - Dependencies all met for dep_context=non-requeueable deps ti=<TaskInstance: user_data_to_duckdb.fetch_user_data_from_api manual__2025-01-17T10:01:01.058691+00:00 [queued]>
[2025-01-17T10:10:33.577+0000] {taskinstance.py:2613} INFO - Dependencies all met for dep_context=requeueable deps ti=<TaskInstance: user_data_to_duckdb.fetch_user_data_from_api manual__2025-01-17T10:01:01.058691+00:00 [queued]>
[2025-01-17T10:10:33.586+0000] {taskinstance.py:2866} INFO - Starting attempt 2 of 2
[2025-01-17T10:10:33.731+0000] {taskinstance.py:2889} INFO - Executing <Task(PythonOperator): fetch_user_data_from_api> on 2025-01-17 10:01:01.058691+00:00
[2025-01-17T10:10:33.811+0000] {warnings.py:112} WARNING - /home/***/.local/lib/python3.12/site-packages/***/task/task_runner/standard_task_runner.py:70: DeprecationWarning: This process (pid=148) is multi-threaded, use of fork() may lead to deadlocks in the child.
  pid = os.fork()

[2025-01-17T10:10:33.827+0000] {standard_task_runner.py:72} INFO - Started process 161 to run task
[2025-01-17T10:10:33.851+0000] {standard_task_runner.py:104} INFO - Running: ['***', 'tasks', 'run', 'user_data_to_duckdb', 'fetch_user_data_from_api', 'manual__2025-01-17T10:01:01.058691+00:00', '--job-id', '55', '--raw', '--subdir', 'DAGS_FOLDER/api_duckdb_dag.py', '--cfg-path', '/tmp/tmphbacz5ks']
[2025-01-17T10:10:33.862+0000] {standard_task_runner.py:105} INFO - Job 55: Subtask fetch_user_data_from_api
[2025-01-17T10:10:34.240+0000] {task_command.py:467} INFO - Running <TaskInstance: user_data_to_duckdb.fetch_user_data_from_api manual__2025-01-17T10:01:01.058691+00:00 [running]> on host 394999114d74
[2025-01-17T10:10:35.089+0000] {taskinstance.py:3132} INFO - Exporting env vars: AIRFLOW_CTX_DAG_OWNER='***' AIRFLOW_CTX_DAG_ID='user_data_to_duckdb' AIRFLOW_CTX_TASK_ID='fetch_user_data_from_api' AIRFLOW_CTX_EXECUTION_DATE='2025-01-17T10:01:01.058691+00:00' AIRFLOW_CTX_TRY_NUMBER='2' AIRFLOW_CTX_DAG_RUN_ID='manual__2025-01-17T10:01:01.058691+00:00'
[2025-01-17T10:10:35.100+0000] {logging_mixin.py:190} INFO - Task instance is in running state
[2025-01-17T10:10:35.101+0000] {logging_mixin.py:190} INFO -  Previous state of the Task instance: queued
[2025-01-17T10:10:35.102+0000] {logging_mixin.py:190} INFO - Current task name:fetch_user_data_from_api state:running start_date:2025-01-17 10:10:33.507238+00:00
[2025-01-17T10:10:35.105+0000] {logging_mixin.py:190} INFO - Dag name:user_data_to_duckdb and current dag run status:running
[2025-01-17T10:10:35.107+0000] {taskinstance.py:731} INFO - ::endgroup::
[2025-01-17T10:10:36.684+0000] {python.py:240} INFO - Done. Returned value was: /opt/***/apidata/users_data.json
[2025-01-17T10:10:36.798+0000] {taskinstance.py:340} INFO - ::group::Post task execution logs
[2025-01-17T10:10:36.799+0000] {taskinstance.py:352} INFO - Marking task as SUCCESS. dag_id=user_data_to_duckdb, task_id=fetch_user_data_from_api, run_id=manual__2025-01-17T10:01:01.058691+00:00, execution_date=20250117T100101, start_date=20250117T101033, end_date=20250117T101036
[2025-01-17T10:10:36.882+0000] {logging_mixin.py:190} INFO - Task instance in success state
[2025-01-17T10:10:36.896+0000] {logging_mixin.py:190} INFO -  Previous state of the Task instance: running
[2025-01-17T10:10:36.897+0000] {logging_mixin.py:190} INFO - Dag name:user_data_to_duckdb queued_at:2025-01-17 10:01:01.191786+00:00
[2025-01-17T10:10:36.898+0000] {logging_mixin.py:190} INFO - Task hostname:394999114d74 operator:PythonOperator
[2025-01-17T10:10:36.987+0000] {local_task_job_runner.py:266} INFO - Task exited with return code 0
[2025-01-17T10:10:37.245+0000] {taskinstance.py:3895} INFO - 1 downstream tasks scheduled from follow-on schedule check
[2025-01-17T10:10:37.431+0000] {local_task_job_runner.py:245} INFO - ::endgroup::
