[2025-01-17T12:25:21.936+0000] {local_task_job_runner.py:123} INFO - ::group::Pre task execution logs
[2025-01-17T12:25:22.814+0000] {taskinstance.py:2613} INFO - Dependencies all met for dep_context=non-requeueable deps ti=<TaskInstance: user_data_to_duckdb.fetch_user_data_from_api manual__2025-01-17T12:23:33.341349+00:00 [queued]>
[2025-01-17T12:25:22.904+0000] {taskinstance.py:2613} INFO - Dependencies all met for dep_context=requeueable deps ti=<TaskInstance: user_data_to_duckdb.fetch_user_data_from_api manual__2025-01-17T12:23:33.341349+00:00 [queued]>
[2025-01-17T12:25:22.906+0000] {taskinstance.py:2866} INFO - Starting attempt 1 of 2
[2025-01-17T12:25:23.013+0000] {taskinstance.py:2889} INFO - Executing <Task(PythonOperator): fetch_user_data_from_api> on 2025-01-17 12:23:33.341349+00:00
[2025-01-17T12:25:23.072+0000] {warnings.py:112} WARNING - /home/***/.local/lib/python3.12/site-packages/***/task/task_runner/standard_task_runner.py:70: DeprecationWarning: This process (pid=719) is multi-threaded, use of fork() may lead to deadlocks in the child.
  pid = os.fork()

[2025-01-17T12:25:23.082+0000] {standard_task_runner.py:72} INFO - Started process 729 to run task
[2025-01-17T12:25:23.099+0000] {standard_task_runner.py:104} INFO - Running: ['***', 'tasks', 'run', 'user_data_to_duckdb', 'fetch_user_data_from_api', 'manual__2025-01-17T12:23:33.341349+00:00', '--job-id', '111', '--raw', '--subdir', 'DAGS_FOLDER/api_duckdb_dag.py', '--cfg-path', '/tmp/tmp6e1rrufu']
[2025-01-17T12:25:23.132+0000] {standard_task_runner.py:105} INFO - Job 111: Subtask fetch_user_data_from_api
[2025-01-17T12:25:23.557+0000] {task_command.py:467} INFO - Running <TaskInstance: user_data_to_duckdb.fetch_user_data_from_api manual__2025-01-17T12:23:33.341349+00:00 [running]> on host 78d3b8284409
[2025-01-17T12:25:24.221+0000] {taskinstance.py:3132} INFO - Exporting env vars: AIRFLOW_CTX_DAG_OWNER='***' AIRFLOW_CTX_DAG_ID='user_data_to_duckdb' AIRFLOW_CTX_TASK_ID='fetch_user_data_from_api' AIRFLOW_CTX_EXECUTION_DATE='2025-01-17T12:23:33.341349+00:00' AIRFLOW_CTX_TRY_NUMBER='1' AIRFLOW_CTX_DAG_RUN_ID='manual__2025-01-17T12:23:33.341349+00:00'
[2025-01-17T12:25:24.224+0000] {logging_mixin.py:190} INFO - Task instance is in running state
[2025-01-17T12:25:24.227+0000] {logging_mixin.py:190} INFO -  Previous state of the Task instance: queued
[2025-01-17T12:25:24.228+0000] {logging_mixin.py:190} INFO - Current task name:fetch_user_data_from_api state:running start_date:2025-01-17 12:25:22.855375+00:00
[2025-01-17T12:25:24.229+0000] {logging_mixin.py:190} INFO - Dag name:user_data_to_duckdb and current dag run status:running
[2025-01-17T12:25:24.230+0000] {taskinstance.py:731} INFO - ::endgroup::
[2025-01-17T12:25:25.606+0000] {python.py:240} INFO - Done. Returned value was: /opt/***/apidata/users_data.json
[2025-01-17T12:25:25.818+0000] {taskinstance.py:340} INFO - ::group::Post task execution logs
[2025-01-17T12:25:25.820+0000] {taskinstance.py:352} INFO - Marking task as SUCCESS. dag_id=user_data_to_duckdb, task_id=fetch_user_data_from_api, run_id=manual__2025-01-17T12:23:33.341349+00:00, execution_date=20250117T122333, start_date=20250117T122522, end_date=20250117T122525
[2025-01-17T12:25:25.882+0000] {logging_mixin.py:190} INFO - Task instance in success state
[2025-01-17T12:25:25.883+0000] {logging_mixin.py:190} INFO -  Previous state of the Task instance: running
[2025-01-17T12:25:25.885+0000] {logging_mixin.py:190} INFO - Dag name:user_data_to_duckdb queued_at:2025-01-17 12:23:34.254834+00:00
[2025-01-17T12:25:25.888+0000] {logging_mixin.py:190} INFO - Task hostname:78d3b8284409 operator:PythonOperator
[2025-01-17T12:25:25.948+0000] {local_task_job_runner.py:266} INFO - Task exited with return code 0
[2025-01-17T12:25:26.099+0000] {taskinstance.py:3895} INFO - 1 downstream tasks scheduled from follow-on schedule check
[2025-01-17T12:25:26.120+0000] {local_task_job_runner.py:245} INFO - ::endgroup::
