[2025-01-20T07:34:14.374+0000] {local_task_job_runner.py:123} INFO - ::group::Pre task execution logs
[2025-01-20T07:34:14.466+0000] {taskinstance.py:2613} INFO - Dependencies all met for dep_context=non-requeueable deps ti=<TaskInstance: user_data_to_duckdb.fetch_user_data_from_api manual__2025-01-20T07:32:30.772773+00:00 [queued]>
[2025-01-20T07:34:14.524+0000] {taskinstance.py:2613} INFO - Dependencies all met for dep_context=requeueable deps ti=<TaskInstance: user_data_to_duckdb.fetch_user_data_from_api manual__2025-01-20T07:32:30.772773+00:00 [queued]>
[2025-01-20T07:34:14.526+0000] {taskinstance.py:2866} INFO - Starting attempt 2 of 3
[2025-01-20T07:34:14.678+0000] {taskinstance.py:2889} INFO - Executing <Task(PythonOperator): fetch_user_data_from_api> on 2025-01-20 07:32:30.772773+00:00
[2025-01-20T07:34:14.749+0000] {warnings.py:112} WARNING - /home/***/.local/lib/python3.12/site-packages/***/task/task_runner/standard_task_runner.py:70: DeprecationWarning: This process (pid=616) is multi-threaded, use of fork() may lead to deadlocks in the child.
  pid = os.fork()

[2025-01-20T07:34:14.766+0000] {standard_task_runner.py:72} INFO - Started process 628 to run task
[2025-01-20T07:34:14.794+0000] {standard_task_runner.py:104} INFO - Running: ['***', 'tasks', 'run', 'user_data_to_duckdb', 'fetch_user_data_from_api', 'manual__2025-01-20T07:32:30.772773+00:00', '--job-id', '16', '--raw', '--subdir', 'DAGS_FOLDER/api_duckdb_dag.py', '--cfg-path', '/tmp/tmp1acumpel']
[2025-01-20T07:34:14.858+0000] {standard_task_runner.py:105} INFO - Job 16: Subtask fetch_user_data_from_api
[2025-01-20T07:34:15.219+0000] {task_command.py:467} INFO - Running <TaskInstance: user_data_to_duckdb.fetch_user_data_from_api manual__2025-01-20T07:32:30.772773+00:00 [running]> on host f1a6bf7b32bb
[2025-01-20T07:34:17.722+0000] {taskinstance.py:3132} INFO - Exporting env vars: AIRFLOW_CTX_DAG_OWNER='***' AIRFLOW_CTX_DAG_ID='user_data_to_duckdb' AIRFLOW_CTX_TASK_ID='fetch_user_data_from_api' AIRFLOW_CTX_EXECUTION_DATE='2025-01-20T07:32:30.772773+00:00' AIRFLOW_CTX_TRY_NUMBER='2' AIRFLOW_CTX_DAG_RUN_ID='manual__2025-01-20T07:32:30.772773+00:00'
[2025-01-20T07:34:17.726+0000] {logging_mixin.py:190} INFO - Task instance is in running state
[2025-01-20T07:34:17.731+0000] {logging_mixin.py:190} INFO -  Previous state of the Task instance: queued
[2025-01-20T07:34:17.733+0000] {logging_mixin.py:190} INFO - Current task name:fetch_user_data_from_api state:running start_date:2025-01-20 07:34:14.469854+00:00
[2025-01-20T07:34:17.736+0000] {logging_mixin.py:190} INFO - Dag name:user_data_to_duckdb and current dag run status:running
[2025-01-20T07:34:17.737+0000] {taskinstance.py:731} INFO - ::endgroup::
[2025-01-20T07:34:19.036+0000] {python.py:240} INFO - Done. Returned value was: /opt/***/apidata/users_data.json
[2025-01-20T07:34:19.568+0000] {taskinstance.py:340} INFO - ::group::Post task execution logs
[2025-01-20T07:34:19.582+0000] {taskinstance.py:352} INFO - Marking task as SUCCESS. dag_id=user_data_to_duckdb, task_id=fetch_user_data_from_api, run_id=manual__2025-01-20T07:32:30.772773+00:00, execution_date=20250120T073230, start_date=20250120T073414, end_date=20250120T073419
[2025-01-20T07:34:19.621+0000] {logging_mixin.py:190} INFO - Task instance in success state
[2025-01-20T07:34:19.622+0000] {logging_mixin.py:190} INFO -  Previous state of the Task instance: running
[2025-01-20T07:34:19.624+0000] {logging_mixin.py:190} INFO - Dag name:user_data_to_duckdb queued_at:2025-01-20 07:32:30.908313+00:00
[2025-01-20T07:34:19.625+0000] {logging_mixin.py:190} INFO - Task hostname:f1a6bf7b32bb operator:PythonOperator
[2025-01-20T07:34:19.749+0000] {local_task_job_runner.py:266} INFO - Task exited with return code 0
[2025-01-20T07:34:19.793+0000] {standard_task_runner.py:217} INFO - Process not found (most likely exited), stop collecting metrics
[2025-01-20T07:34:20.018+0000] {local_task_job_runner.py:245} INFO - ::endgroup::
