[2025-01-20T09:49:22.754+0000] {local_task_job_runner.py:123} INFO - ::group::Pre task execution logs
[2025-01-20T09:49:23.102+0000] {taskinstance.py:2613} INFO - Dependencies all met for dep_context=non-requeueable deps ti=<TaskInstance: user_data_to_duckdb.run_dbt_transform manual__2025-01-20T09:47:47.348946+00:00 [queued]>
[2025-01-20T09:49:23.134+0000] {taskinstance.py:2613} INFO - Dependencies all met for dep_context=requeueable deps ti=<TaskInstance: user_data_to_duckdb.run_dbt_transform manual__2025-01-20T09:47:47.348946+00:00 [queued]>
[2025-01-20T09:49:23.138+0000] {taskinstance.py:2866} INFO - Starting attempt 1 of 2
[2025-01-20T09:49:23.187+0000] {taskinstance.py:2889} INFO - Executing <Task(BashOperator): run_dbt_transform> on 2025-01-20 09:47:47.348946+00:00
[2025-01-20T09:49:23.202+0000] {warnings.py:112} WARNING - /home/***/.local/lib/python3.12/site-packages/***/task/task_runner/standard_task_runner.py:70: DeprecationWarning: This process (pid=226) is multi-threaded, use of fork() may lead to deadlocks in the child.
  pid = os.fork()

[2025-01-20T09:49:23.206+0000] {standard_task_runner.py:72} INFO - Started process 231 to run task
[2025-01-20T09:49:23.221+0000] {standard_task_runner.py:104} INFO - Running: ['***', 'tasks', 'run', 'user_data_to_duckdb', 'run_dbt_transform', 'manual__2025-01-20T09:47:47.348946+00:00', '--job-id', '7', '--raw', '--subdir', 'DAGS_FOLDER/api_duckdb_dag.py', '--cfg-path', '/tmp/tmpi1gu1hls']
[2025-01-20T09:49:23.225+0000] {standard_task_runner.py:105} INFO - Job 7: Subtask run_dbt_transform
[2025-01-20T09:49:23.402+0000] {task_command.py:467} INFO - Running <TaskInstance: user_data_to_duckdb.run_dbt_transform manual__2025-01-20T09:47:47.348946+00:00 [running]> on host b07af8d3a0b2
[2025-01-20T09:49:23.716+0000] {taskinstance.py:3132} INFO - Exporting env vars: AIRFLOW_CTX_DAG_OWNER='***' AIRFLOW_CTX_DAG_ID='user_data_to_duckdb' AIRFLOW_CTX_TASK_ID='run_dbt_transform' AIRFLOW_CTX_EXECUTION_DATE='2025-01-20T09:47:47.348946+00:00' AIRFLOW_CTX_TRY_NUMBER='1' AIRFLOW_CTX_DAG_RUN_ID='manual__2025-01-20T09:47:47.348946+00:00'
[2025-01-20T09:49:23.718+0000] {logging_mixin.py:190} INFO - Task instance is in running state
[2025-01-20T09:49:23.719+0000] {logging_mixin.py:190} INFO -  Previous state of the Task instance: queued
[2025-01-20T09:49:23.720+0000] {logging_mixin.py:190} INFO - Current task name:run_dbt_transform state:running start_date:2025-01-20 09:49:23.104007+00:00
[2025-01-20T09:49:23.721+0000] {logging_mixin.py:190} INFO - Dag name:user_data_to_duckdb and current dag run status:running
[2025-01-20T09:49:23.722+0000] {taskinstance.py:731} INFO - ::endgroup::
[2025-01-20T09:49:23.729+0000] {subprocess.py:78} INFO - Tmp dir root location: /tmp
[2025-01-20T09:49:23.732+0000] {subprocess.py:88} INFO - Running command: ['/usr/bin/bash', '-c', '\n        cd /opt/***/dags/dbt_models &&         dbt run --profiles-dir /opt/***/dbt/profiles.yml --target dev\n        ']
[2025-01-20T09:49:23.803+0000] {subprocess.py:99} INFO - Output:
[2025-01-20T09:49:34.530+0000] {subprocess.py:106} INFO - [0m09:49:34  Running with dbt=1.9.1
[2025-01-20T09:49:35.507+0000] {subprocess.py:106} INFO - [0m09:49:35  Registered adapter: duckdb=1.9.1
[2025-01-20T09:49:37.025+0000] {subprocess.py:106} INFO - [0m09:49:37  Found 1 model, 1 source, 424 macros
[2025-01-20T09:49:37.030+0000] {subprocess.py:106} INFO - [0m09:49:37
[2025-01-20T09:49:37.031+0000] {subprocess.py:106} INFO - [0m09:49:37  Concurrency: 1 threads (target='dev')
[2025-01-20T09:49:37.032+0000] {subprocess.py:106} INFO - [0m09:49:37
[2025-01-20T09:49:37.473+0000] {subprocess.py:106} INFO - [0m09:49:37  1 of 1 START sql table model main.transform_users .............................. [RUN]
[2025-01-20T09:49:37.991+0000] {subprocess.py:106} INFO - [0m09:49:37  1 of 1 OK created sql table model main.transform_users ......................... [[32mOK[0m in 0.51s]
[2025-01-20T09:49:38.033+0000] {subprocess.py:106} INFO - [0m09:49:38
[2025-01-20T09:49:38.034+0000] {subprocess.py:106} INFO - [0m09:49:38  Finished running 1 table model in 0 hours 0 minutes and 1.00 seconds (1.00s).
[2025-01-20T09:49:38.140+0000] {subprocess.py:106} INFO - [0m09:49:38
[2025-01-20T09:49:38.141+0000] {subprocess.py:106} INFO - [0m09:49:38  [32mCompleted successfully[0m
[2025-01-20T09:49:38.143+0000] {subprocess.py:106} INFO - [0m09:49:38
[2025-01-20T09:49:38.144+0000] {subprocess.py:106} INFO - [0m09:49:38  Done. PASS=1 WARN=0 ERROR=0 SKIP=0 TOTAL=1
[2025-01-20T09:49:40.108+0000] {subprocess.py:110} INFO - Command exited with return code 0
[2025-01-20T09:49:40.168+0000] {taskinstance.py:340} INFO - ::group::Post task execution logs
[2025-01-20T09:49:40.169+0000] {taskinstance.py:352} INFO - Marking task as SUCCESS. dag_id=user_data_to_duckdb, task_id=run_dbt_transform, run_id=manual__2025-01-20T09:47:47.348946+00:00, execution_date=20250120T094747, start_date=20250120T094923, end_date=20250120T094940
[2025-01-20T09:49:40.203+0000] {logging_mixin.py:190} INFO - Task instance in success state
[2025-01-20T09:49:40.205+0000] {logging_mixin.py:190} INFO -  Previous state of the Task instance: running
[2025-01-20T09:49:40.206+0000] {logging_mixin.py:190} INFO - Dag name:user_data_to_duckdb queued_at:2025-01-20 09:47:47.918194+00:00
[2025-01-20T09:49:40.207+0000] {logging_mixin.py:190} INFO - Task hostname:b07af8d3a0b2 operator:BashOperator
[2025-01-20T09:49:40.242+0000] {local_task_job_runner.py:266} INFO - Task exited with return code 0
[2025-01-20T09:49:40.265+0000] {taskinstance.py:3895} INFO - 0 downstream tasks scheduled from follow-on schedule check
[2025-01-20T09:49:40.284+0000] {local_task_job_runner.py:245} INFO - ::endgroup::
