[2025-01-20T07:34:34.548+0000] {local_task_job_runner.py:123} INFO - ::group::Pre task execution logs
[2025-01-20T07:34:34.590+0000] {taskinstance.py:2613} INFO - Dependencies all met for dep_context=non-requeueable deps ti=<TaskInstance: user_data_to_duckdb.save_data_to_duckdb manual__2025-01-20T07:32:30.772773+00:00 [queued]>
[2025-01-20T07:34:34.614+0000] {taskinstance.py:2613} INFO - Dependencies all met for dep_context=requeueable deps ti=<TaskInstance: user_data_to_duckdb.save_data_to_duckdb manual__2025-01-20T07:32:30.772773+00:00 [queued]>
[2025-01-20T07:34:34.616+0000] {taskinstance.py:2866} INFO - Starting attempt 2 of 3
[2025-01-20T07:34:34.649+0000] {taskinstance.py:2889} INFO - Executing <Task(PythonOperator): save_data_to_duckdb> on 2025-01-20 07:32:30.772773+00:00
[2025-01-20T07:34:34.661+0000] {warnings.py:112} WARNING - /home/***/.local/lib/python3.12/site-packages/***/task/task_runner/standard_task_runner.py:70: DeprecationWarning: This process (pid=630) is multi-threaded, use of fork() may lead to deadlocks in the child.
  pid = os.fork()

[2025-01-20T07:34:34.666+0000] {standard_task_runner.py:72} INFO - Started process 635 to run task
[2025-01-20T07:34:34.666+0000] {standard_task_runner.py:104} INFO - Running: ['***', 'tasks', 'run', 'user_data_to_duckdb', 'save_data_to_duckdb', 'manual__2025-01-20T07:32:30.772773+00:00', '--job-id', '17', '--raw', '--subdir', 'DAGS_FOLDER/api_duckdb_dag.py', '--cfg-path', '/tmp/tmpq8nrwqf3']
[2025-01-20T07:34:34.668+0000] {standard_task_runner.py:105} INFO - Job 17: Subtask save_data_to_duckdb
[2025-01-20T07:34:34.777+0000] {task_command.py:467} INFO - Running <TaskInstance: user_data_to_duckdb.save_data_to_duckdb manual__2025-01-20T07:32:30.772773+00:00 [running]> on host f1a6bf7b32bb
[2025-01-20T07:34:35.034+0000] {taskinstance.py:3132} INFO - Exporting env vars: AIRFLOW_CTX_DAG_OWNER='***' AIRFLOW_CTX_DAG_ID='user_data_to_duckdb' AIRFLOW_CTX_TASK_ID='save_data_to_duckdb' AIRFLOW_CTX_EXECUTION_DATE='2025-01-20T07:32:30.772773+00:00' AIRFLOW_CTX_TRY_NUMBER='2' AIRFLOW_CTX_DAG_RUN_ID='manual__2025-01-20T07:32:30.772773+00:00'
[2025-01-20T07:34:35.036+0000] {logging_mixin.py:190} INFO - Task instance is in running state
[2025-01-20T07:34:35.037+0000] {logging_mixin.py:190} INFO -  Previous state of the Task instance: queued
[2025-01-20T07:34:35.039+0000] {logging_mixin.py:190} INFO - Current task name:save_data_to_duckdb state:running start_date:2025-01-20 07:34:34.591826+00:00
[2025-01-20T07:34:35.040+0000] {logging_mixin.py:190} INFO - Dag name:user_data_to_duckdb and current dag run status:running
[2025-01-20T07:34:35.041+0000] {taskinstance.py:731} INFO - ::endgroup::
[2025-01-20T07:34:35.272+0000] {python.py:240} INFO - Done. Returned value was: None
[2025-01-20T07:34:35.290+0000] {taskinstance.py:340} INFO - ::group::Post task execution logs
[2025-01-20T07:34:35.291+0000] {taskinstance.py:352} INFO - Marking task as SUCCESS. dag_id=user_data_to_duckdb, task_id=save_data_to_duckdb, run_id=manual__2025-01-20T07:32:30.772773+00:00, execution_date=20250120T073230, start_date=20250120T073434, end_date=20250120T073435
[2025-01-20T07:34:35.311+0000] {logging_mixin.py:190} INFO - Task instance in success state
[2025-01-20T07:34:35.311+0000] {logging_mixin.py:190} INFO -  Previous state of the Task instance: running
[2025-01-20T07:34:35.312+0000] {logging_mixin.py:190} INFO - Dag name:user_data_to_duckdb queued_at:2025-01-20 07:32:30.908313+00:00
[2025-01-20T07:34:35.313+0000] {logging_mixin.py:190} INFO - Task hostname:f1a6bf7b32bb operator:PythonOperator
[2025-01-20T07:34:35.341+0000] {local_task_job_runner.py:266} INFO - Task exited with return code 0
[2025-01-20T07:34:35.376+0000] {taskinstance.py:3895} INFO - 1 downstream tasks scheduled from follow-on schedule check
[2025-01-20T07:34:35.380+0000] {local_task_job_runner.py:245} INFO - ::endgroup::
