[2025-01-17T13:17:34.489+0000] {local_task_job_runner.py:123} INFO - ::group::Pre task execution logs
[2025-01-17T13:17:34.566+0000] {taskinstance.py:2613} INFO - Dependencies all met for dep_context=non-requeueable deps ti=<TaskInstance: user_data_to_duckdb.fetch_user_data_from_api manual__2025-01-17T13:15:51.388372+00:00 [queued]>
[2025-01-17T13:17:34.600+0000] {taskinstance.py:2613} INFO - Dependencies all met for dep_context=requeueable deps ti=<TaskInstance: user_data_to_duckdb.fetch_user_data_from_api manual__2025-01-17T13:15:51.388372+00:00 [queued]>
[2025-01-17T13:17:34.601+0000] {taskinstance.py:2866} INFO - Starting attempt 2 of 3
[2025-01-17T13:17:34.662+0000] {taskinstance.py:2889} INFO - Executing <Task(PythonOperator): fetch_user_data_from_api> on 2025-01-17 13:15:51.388372+00:00
[2025-01-17T13:17:34.680+0000] {warnings.py:112} WARNING - /home/***/.local/lib/python3.12/site-packages/***/task/task_runner/standard_task_runner.py:70: DeprecationWarning: This process (pid=180) is multi-threaded, use of fork() may lead to deadlocks in the child.
  pid = os.fork()

[2025-01-17T13:17:34.684+0000] {standard_task_runner.py:72} INFO - Started process 185 to run task
[2025-01-17T13:17:34.687+0000] {standard_task_runner.py:104} INFO - Running: ['***', 'tasks', 'run', 'user_data_to_duckdb', 'fetch_user_data_from_api', 'manual__2025-01-17T13:15:51.388372+00:00', '--job-id', '139', '--raw', '--subdir', 'DAGS_FOLDER/api_duckdb_dag.py', '--cfg-path', '/tmp/tmp5g_1pvwu']
[2025-01-17T13:17:34.694+0000] {standard_task_runner.py:105} INFO - Job 139: Subtask fetch_user_data_from_api
[2025-01-17T13:17:34.886+0000] {task_command.py:467} INFO - Running <TaskInstance: user_data_to_duckdb.fetch_user_data_from_api manual__2025-01-17T13:15:51.388372+00:00 [running]> on host f3f45916ac6f
[2025-01-17T13:17:35.195+0000] {taskinstance.py:3132} INFO - Exporting env vars: AIRFLOW_CTX_DAG_OWNER='***' AIRFLOW_CTX_DAG_ID='user_data_to_duckdb' AIRFLOW_CTX_TASK_ID='fetch_user_data_from_api' AIRFLOW_CTX_EXECUTION_DATE='2025-01-17T13:15:51.388372+00:00' AIRFLOW_CTX_TRY_NUMBER='2' AIRFLOW_CTX_DAG_RUN_ID='manual__2025-01-17T13:15:51.388372+00:00'
[2025-01-17T13:17:35.197+0000] {logging_mixin.py:190} INFO - Task instance is in running state
[2025-01-17T13:17:35.200+0000] {logging_mixin.py:190} INFO -  Previous state of the Task instance: queued
[2025-01-17T13:17:35.201+0000] {logging_mixin.py:190} INFO - Current task name:fetch_user_data_from_api state:running start_date:2025-01-17 13:17:34.567793+00:00
[2025-01-17T13:17:35.202+0000] {logging_mixin.py:190} INFO - Dag name:user_data_to_duckdb and current dag run status:running
[2025-01-17T13:17:35.203+0000] {taskinstance.py:731} INFO - ::endgroup::
[2025-01-17T13:17:36.317+0000] {python.py:240} INFO - Done. Returned value was: /opt/***/apidata/users_data.json
[2025-01-17T13:17:36.412+0000] {taskinstance.py:340} INFO - ::group::Post task execution logs
[2025-01-17T13:17:36.413+0000] {taskinstance.py:352} INFO - Marking task as SUCCESS. dag_id=user_data_to_duckdb, task_id=fetch_user_data_from_api, run_id=manual__2025-01-17T13:15:51.388372+00:00, execution_date=20250117T131551, start_date=20250117T131734, end_date=20250117T131736
[2025-01-17T13:17:36.448+0000] {logging_mixin.py:190} INFO - Task instance in success state
[2025-01-17T13:17:36.449+0000] {logging_mixin.py:190} INFO -  Previous state of the Task instance: running
[2025-01-17T13:17:36.450+0000] {logging_mixin.py:190} INFO - Dag name:user_data_to_duckdb queued_at:2025-01-17 13:15:51.973520+00:00
[2025-01-17T13:17:36.451+0000] {logging_mixin.py:190} INFO - Task hostname:f3f45916ac6f operator:PythonOperator
[2025-01-17T13:17:36.488+0000] {local_task_job_runner.py:266} INFO - Task exited with return code 0
[2025-01-17T13:17:36.536+0000] {taskinstance.py:3895} INFO - 1 downstream tasks scheduled from follow-on schedule check
[2025-01-17T13:17:36.554+0000] {local_task_job_runner.py:245} INFO - ::endgroup::
