[2025-01-17T14:08:13.500+0000] {local_task_job_runner.py:123} INFO - ::group::Pre task execution logs
[2025-01-17T14:08:13.707+0000] {taskinstance.py:2613} INFO - Dependencies all met for dep_context=non-requeueable deps ti=<TaskInstance: user_data_to_duckdb.save_data_to_duckdb manual__2025-01-17T14:03:36.123802+00:00 [queued]>
[2025-01-17T14:08:13.744+0000] {taskinstance.py:2613} INFO - Dependencies all met for dep_context=requeueable deps ti=<TaskInstance: user_data_to_duckdb.save_data_to_duckdb manual__2025-01-17T14:03:36.123802+00:00 [queued]>
[2025-01-17T14:08:13.747+0000] {taskinstance.py:2866} INFO - Starting attempt 2 of 3
[2025-01-17T14:08:13.809+0000] {taskinstance.py:2889} INFO - Executing <Task(PythonOperator): save_data_to_duckdb> on 2025-01-17 14:03:36.123802+00:00
[2025-01-17T14:08:13.847+0000] {warnings.py:112} WARNING - /home/***/.local/lib/python3.12/site-packages/***/task/task_runner/standard_task_runner.py:70: DeprecationWarning: This process (pid=844) is multi-threaded, use of fork() may lead to deadlocks in the child.
  pid = os.fork()

[2025-01-17T14:08:13.851+0000] {standard_task_runner.py:72} INFO - Started process 849 to run task
[2025-01-17T14:08:13.864+0000] {standard_task_runner.py:104} INFO - Running: ['***', 'tasks', 'run', 'user_data_to_duckdb', 'save_data_to_duckdb', 'manual__2025-01-17T14:03:36.123802+00:00', '--job-id', '155', '--raw', '--subdir', 'DAGS_FOLDER/api_duckdb_dag.py', '--cfg-path', '/tmp/tmptbjvlond']
[2025-01-17T14:08:13.877+0000] {standard_task_runner.py:105} INFO - Job 155: Subtask save_data_to_duckdb
[2025-01-17T14:08:14.066+0000] {task_command.py:467} INFO - Running <TaskInstance: user_data_to_duckdb.save_data_to_duckdb manual__2025-01-17T14:03:36.123802+00:00 [running]> on host f3f45916ac6f
[2025-01-17T14:08:14.647+0000] {taskinstance.py:3132} INFO - Exporting env vars: AIRFLOW_CTX_DAG_OWNER='***' AIRFLOW_CTX_DAG_ID='user_data_to_duckdb' AIRFLOW_CTX_TASK_ID='save_data_to_duckdb' AIRFLOW_CTX_EXECUTION_DATE='2025-01-17T14:03:36.123802+00:00' AIRFLOW_CTX_TRY_NUMBER='2' AIRFLOW_CTX_DAG_RUN_ID='manual__2025-01-17T14:03:36.123802+00:00'
[2025-01-17T14:08:14.651+0000] {logging_mixin.py:190} INFO - Task instance is in running state
[2025-01-17T14:08:14.654+0000] {logging_mixin.py:190} INFO -  Previous state of the Task instance: queued
[2025-01-17T14:08:14.701+0000] {logging_mixin.py:190} INFO - Current task name:save_data_to_duckdb state:running start_date:2025-01-17 14:08:13.710040+00:00
[2025-01-17T14:08:14.711+0000] {logging_mixin.py:190} INFO - Dag name:user_data_to_duckdb and current dag run status:running
[2025-01-17T14:08:14.712+0000] {taskinstance.py:731} INFO - ::endgroup::
[2025-01-17T14:08:15.660+0000] {python.py:240} INFO - Done. Returned value was: None
[2025-01-17T14:08:15.683+0000] {taskinstance.py:340} INFO - ::group::Post task execution logs
[2025-01-17T14:08:15.684+0000] {taskinstance.py:352} INFO - Marking task as SUCCESS. dag_id=user_data_to_duckdb, task_id=save_data_to_duckdb, run_id=manual__2025-01-17T14:03:36.123802+00:00, execution_date=20250117T140336, start_date=20250117T140813, end_date=20250117T140815
[2025-01-17T14:08:15.721+0000] {logging_mixin.py:190} INFO - Task instance in success state
[2025-01-17T14:08:15.721+0000] {logging_mixin.py:190} INFO -  Previous state of the Task instance: running
[2025-01-17T14:08:15.722+0000] {logging_mixin.py:190} INFO - Dag name:user_data_to_duckdb queued_at:2025-01-17 14:03:36.209946+00:00
[2025-01-17T14:08:15.723+0000] {logging_mixin.py:190} INFO - Task hostname:f3f45916ac6f operator:PythonOperator
[2025-01-17T14:08:15.784+0000] {local_task_job_runner.py:266} INFO - Task exited with return code 0
[2025-01-17T14:08:15.825+0000] {taskinstance.py:3895} INFO - 1 downstream tasks scheduled from follow-on schedule check
[2025-01-17T14:08:15.848+0000] {local_task_job_runner.py:245} INFO - ::endgroup::
