[2025-01-17T10:10:48.065+0000] {local_task_job_runner.py:123} INFO - ::group::Pre task execution logs
[2025-01-17T10:10:48.357+0000] {taskinstance.py:2613} INFO - Dependencies all met for dep_context=non-requeueable deps ti=<TaskInstance: user_data_to_duckdb.save_data_to_duckdb manual__2025-01-17T10:01:01.058691+00:00 [queued]>
[2025-01-17T10:10:48.497+0000] {taskinstance.py:2613} INFO - Dependencies all met for dep_context=requeueable deps ti=<TaskInstance: user_data_to_duckdb.save_data_to_duckdb manual__2025-01-17T10:01:01.058691+00:00 [queued]>
[2025-01-17T10:10:48.598+0000] {taskinstance.py:2866} INFO - Starting attempt 1 of 2
[2025-01-17T10:10:49.093+0000] {taskinstance.py:2889} INFO - Executing <Task(PythonOperator): save_data_to_duckdb> on 2025-01-17 10:01:01.058691+00:00
[2025-01-17T10:10:49.233+0000] {warnings.py:112} WARNING - /home/***/.local/lib/python3.12/site-packages/***/task/task_runner/standard_task_runner.py:70: DeprecationWarning: This process (pid=163) is multi-threaded, use of fork() may lead to deadlocks in the child.
  pid = os.fork()

[2025-01-17T10:10:49.260+0000] {standard_task_runner.py:72} INFO - Started process 168 to run task
[2025-01-17T10:10:49.278+0000] {standard_task_runner.py:104} INFO - Running: ['***', 'tasks', 'run', 'user_data_to_duckdb', 'save_data_to_duckdb', 'manual__2025-01-17T10:01:01.058691+00:00', '--job-id', '56', '--raw', '--subdir', 'DAGS_FOLDER/api_duckdb_dag.py', '--cfg-path', '/tmp/tmpbmjr9cvq']
[2025-01-17T10:10:49.282+0000] {standard_task_runner.py:105} INFO - Job 56: Subtask save_data_to_duckdb
[2025-01-17T10:10:49.976+0000] {task_command.py:467} INFO - Running <TaskInstance: user_data_to_duckdb.save_data_to_duckdb manual__2025-01-17T10:01:01.058691+00:00 [running]> on host 394999114d74
[2025-01-17T10:10:51.528+0000] {taskinstance.py:3132} INFO - Exporting env vars: AIRFLOW_CTX_DAG_OWNER='***' AIRFLOW_CTX_DAG_ID='user_data_to_duckdb' AIRFLOW_CTX_TASK_ID='save_data_to_duckdb' AIRFLOW_CTX_EXECUTION_DATE='2025-01-17T10:01:01.058691+00:00' AIRFLOW_CTX_TRY_NUMBER='1' AIRFLOW_CTX_DAG_RUN_ID='manual__2025-01-17T10:01:01.058691+00:00'
[2025-01-17T10:10:51.548+0000] {logging_mixin.py:190} INFO - Task instance is in running state
[2025-01-17T10:10:51.678+0000] {logging_mixin.py:190} INFO -  Previous state of the Task instance: queued
[2025-01-17T10:10:51.700+0000] {logging_mixin.py:190} INFO - Current task name:save_data_to_duckdb state:running start_date:2025-01-17 10:10:48.382978+00:00
[2025-01-17T10:10:51.731+0000] {logging_mixin.py:190} INFO - Dag name:user_data_to_duckdb and current dag run status:running
[2025-01-17T10:10:51.742+0000] {taskinstance.py:731} INFO - ::endgroup::
[2025-01-17T10:10:55.488+0000] {python.py:240} INFO - Done. Returned value was: None
[2025-01-17T10:10:55.532+0000] {taskinstance.py:340} INFO - ::group::Post task execution logs
[2025-01-17T10:10:55.544+0000] {taskinstance.py:352} INFO - Marking task as SUCCESS. dag_id=user_data_to_duckdb, task_id=save_data_to_duckdb, run_id=manual__2025-01-17T10:01:01.058691+00:00, execution_date=20250117T100101, start_date=20250117T101048, end_date=20250117T101055
[2025-01-17T10:10:55.641+0000] {logging_mixin.py:190} INFO - Task instance in success state
[2025-01-17T10:10:55.646+0000] {logging_mixin.py:190} INFO -  Previous state of the Task instance: running
[2025-01-17T10:10:55.647+0000] {logging_mixin.py:190} INFO - Dag name:user_data_to_duckdb queued_at:2025-01-17 10:01:01.191786+00:00
[2025-01-17T10:10:55.648+0000] {logging_mixin.py:190} INFO - Task hostname:394999114d74 operator:PythonOperator
[2025-01-17T10:10:55.789+0000] {local_task_job_runner.py:266} INFO - Task exited with return code 0
[2025-01-17T10:10:55.898+0000] {taskinstance.py:3895} INFO - 1 downstream tasks scheduled from follow-on schedule check
[2025-01-17T10:10:55.923+0000] {local_task_job_runner.py:245} INFO - ::endgroup::
