[2025-01-20T07:23:18.018+0000] {local_task_job_runner.py:123} INFO - ::group::Pre task execution logs
[2025-01-20T07:23:18.059+0000] {taskinstance.py:2613} INFO - Dependencies all met for dep_context=non-requeueable deps ti=<TaskInstance: user_data_to_duckdb.fetch_user_data_from_api manual__2025-01-20T07:22:52.350124+00:00 [queued]>
[2025-01-20T07:23:18.085+0000] {taskinstance.py:2613} INFO - Dependencies all met for dep_context=requeueable deps ti=<TaskInstance: user_data_to_duckdb.fetch_user_data_from_api manual__2025-01-20T07:22:52.350124+00:00 [queued]>
[2025-01-20T07:23:18.086+0000] {taskinstance.py:2866} INFO - Starting attempt 1 of 2
[2025-01-20T07:23:18.194+0000] {taskinstance.py:2889} INFO - Executing <Task(PythonOperator): fetch_user_data_from_api> on 2025-01-20 07:22:52.350124+00:00
[2025-01-20T07:23:18.243+0000] {warnings.py:112} WARNING - /home/***/.local/lib/python3.12/site-packages/***/task/task_runner/standard_task_runner.py:70: DeprecationWarning: This process (pid=468) is multi-threaded, use of fork() may lead to deadlocks in the child.
  pid = os.fork()

[2025-01-20T07:23:18.250+0000] {standard_task_runner.py:72} INFO - Started process 480 to run task
[2025-01-20T07:23:18.250+0000] {standard_task_runner.py:104} INFO - Running: ['***', 'tasks', 'run', 'user_data_to_duckdb', 'fetch_user_data_from_api', 'manual__2025-01-20T07:22:52.350124+00:00', '--job-id', '11', '--raw', '--subdir', 'DAGS_FOLDER/api_duckdb_dag.py', '--cfg-path', '/tmp/tmpsv4f3_yu']
[2025-01-20T07:23:18.257+0000] {standard_task_runner.py:105} INFO - Job 11: Subtask fetch_user_data_from_api
[2025-01-20T07:23:18.413+0000] {task_command.py:467} INFO - Running <TaskInstance: user_data_to_duckdb.fetch_user_data_from_api manual__2025-01-20T07:22:52.350124+00:00 [running]> on host f1a6bf7b32bb
[2025-01-20T07:23:18.704+0000] {taskinstance.py:3132} INFO - Exporting env vars: AIRFLOW_CTX_DAG_OWNER='***' AIRFLOW_CTX_DAG_ID='user_data_to_duckdb' AIRFLOW_CTX_TASK_ID='fetch_user_data_from_api' AIRFLOW_CTX_EXECUTION_DATE='2025-01-20T07:22:52.350124+00:00' AIRFLOW_CTX_TRY_NUMBER='1' AIRFLOW_CTX_DAG_RUN_ID='manual__2025-01-20T07:22:52.350124+00:00'
[2025-01-20T07:23:18.709+0000] {logging_mixin.py:190} INFO - Task instance is in running state
[2025-01-20T07:23:18.710+0000] {logging_mixin.py:190} INFO -  Previous state of the Task instance: queued
[2025-01-20T07:23:18.711+0000] {logging_mixin.py:190} INFO - Current task name:fetch_user_data_from_api state:running start_date:2025-01-20 07:23:18.060988+00:00
[2025-01-20T07:23:18.712+0000] {logging_mixin.py:190} INFO - Dag name:user_data_to_duckdb and current dag run status:running
[2025-01-20T07:23:18.713+0000] {taskinstance.py:731} INFO - ::endgroup::
[2025-01-20T07:23:19.932+0000] {python.py:240} INFO - Done. Returned value was: /opt/***/apidata/users_data.json
[2025-01-20T07:23:20.179+0000] {taskinstance.py:340} INFO - ::group::Post task execution logs
[2025-01-20T07:23:20.182+0000] {taskinstance.py:352} INFO - Marking task as SUCCESS. dag_id=user_data_to_duckdb, task_id=fetch_user_data_from_api, run_id=manual__2025-01-20T07:22:52.350124+00:00, execution_date=20250120T072252, start_date=20250120T072318, end_date=20250120T072320
[2025-01-20T07:23:20.243+0000] {logging_mixin.py:190} INFO - Task instance in success state
[2025-01-20T07:23:20.245+0000] {logging_mixin.py:190} INFO -  Previous state of the Task instance: running
[2025-01-20T07:23:20.247+0000] {logging_mixin.py:190} INFO - Dag name:user_data_to_duckdb queued_at:2025-01-20 07:22:52.445597+00:00
[2025-01-20T07:23:20.248+0000] {logging_mixin.py:190} INFO - Task hostname:f1a6bf7b32bb operator:PythonOperator
[2025-01-20T07:23:20.301+0000] {local_task_job_runner.py:266} INFO - Task exited with return code 0
[2025-01-20T07:23:20.381+0000] {taskinstance.py:3895} INFO - 1 downstream tasks scheduled from follow-on schedule check
[2025-01-20T07:23:20.410+0000] {local_task_job_runner.py:245} INFO - ::endgroup::
