[2025-01-17T14:07:55.765+0000] {local_task_job_runner.py:123} INFO - ::group::Pre task execution logs
[2025-01-17T14:07:55.826+0000] {taskinstance.py:2613} INFO - Dependencies all met for dep_context=non-requeueable deps ti=<TaskInstance: user_data_to_duckdb.fetch_user_data_from_api manual__2025-01-17T14:03:36.123802+00:00 [queued]>
[2025-01-17T14:07:55.866+0000] {taskinstance.py:2613} INFO - Dependencies all met for dep_context=requeueable deps ti=<TaskInstance: user_data_to_duckdb.fetch_user_data_from_api manual__2025-01-17T14:03:36.123802+00:00 [queued]>
[2025-01-17T14:07:55.868+0000] {taskinstance.py:2866} INFO - Starting attempt 3 of 4
[2025-01-17T14:07:55.942+0000] {taskinstance.py:2889} INFO - Executing <Task(PythonOperator): fetch_user_data_from_api> on 2025-01-17 14:03:36.123802+00:00
[2025-01-17T14:07:56.029+0000] {warnings.py:112} WARNING - /home/***/.local/lib/python3.12/site-packages/***/task/task_runner/standard_task_runner.py:70: DeprecationWarning: This process (pid=830) is multi-threaded, use of fork() may lead to deadlocks in the child.
  pid = os.fork()

[2025-01-17T14:07:56.021+0000] {standard_task_runner.py:104} INFO - Running: ['***', 'tasks', 'run', 'user_data_to_duckdb', 'fetch_user_data_from_api', 'manual__2025-01-17T14:03:36.123802+00:00', '--job-id', '154', '--raw', '--subdir', 'DAGS_FOLDER/api_duckdb_dag.py', '--cfg-path', '/tmp/tmpjwsq8g95']
[2025-01-17T14:07:56.042+0000] {standard_task_runner.py:72} INFO - Started process 842 to run task
[2025-01-17T14:07:56.049+0000] {standard_task_runner.py:105} INFO - Job 154: Subtask fetch_user_data_from_api
[2025-01-17T14:07:56.289+0000] {task_command.py:467} INFO - Running <TaskInstance: user_data_to_duckdb.fetch_user_data_from_api manual__2025-01-17T14:03:36.123802+00:00 [running]> on host f3f45916ac6f
[2025-01-17T14:07:56.991+0000] {taskinstance.py:3132} INFO - Exporting env vars: AIRFLOW_CTX_DAG_OWNER='***' AIRFLOW_CTX_DAG_ID='user_data_to_duckdb' AIRFLOW_CTX_TASK_ID='fetch_user_data_from_api' AIRFLOW_CTX_EXECUTION_DATE='2025-01-17T14:03:36.123802+00:00' AIRFLOW_CTX_TRY_NUMBER='3' AIRFLOW_CTX_DAG_RUN_ID='manual__2025-01-17T14:03:36.123802+00:00'
[2025-01-17T14:07:57.000+0000] {logging_mixin.py:190} INFO - Task instance is in running state
[2025-01-17T14:07:57.001+0000] {logging_mixin.py:190} INFO -  Previous state of the Task instance: queued
[2025-01-17T14:07:57.003+0000] {logging_mixin.py:190} INFO - Current task name:fetch_user_data_from_api state:running start_date:2025-01-17 14:07:55.827700+00:00
[2025-01-17T14:07:57.006+0000] {logging_mixin.py:190} INFO - Dag name:user_data_to_duckdb and current dag run status:running
[2025-01-17T14:07:57.007+0000] {taskinstance.py:731} INFO - ::endgroup::
[2025-01-17T14:07:57.597+0000] {python.py:240} INFO - Done. Returned value was: /opt/***/apidata/users_data.json
[2025-01-17T14:07:57.681+0000] {taskinstance.py:340} INFO - ::group::Post task execution logs
[2025-01-17T14:07:57.682+0000] {taskinstance.py:352} INFO - Marking task as SUCCESS. dag_id=user_data_to_duckdb, task_id=fetch_user_data_from_api, run_id=manual__2025-01-17T14:03:36.123802+00:00, execution_date=20250117T140336, start_date=20250117T140755, end_date=20250117T140757
[2025-01-17T14:07:57.725+0000] {logging_mixin.py:190} INFO - Task instance in success state
[2025-01-17T14:07:57.729+0000] {logging_mixin.py:190} INFO -  Previous state of the Task instance: running
[2025-01-17T14:07:57.733+0000] {logging_mixin.py:190} INFO - Dag name:user_data_to_duckdb queued_at:2025-01-17 14:03:36.209946+00:00
[2025-01-17T14:07:57.736+0000] {logging_mixin.py:190} INFO - Task hostname:f3f45916ac6f operator:PythonOperator
[2025-01-17T14:07:57.805+0000] {local_task_job_runner.py:266} INFO - Task exited with return code 0
[2025-01-17T14:07:57.942+0000] {taskinstance.py:3895} INFO - 1 downstream tasks scheduled from follow-on schedule check
[2025-01-17T14:07:57.957+0000] {local_task_job_runner.py:245} INFO - ::endgroup::
