[2025-01-17T11:08:20.823+0000] {local_task_job_runner.py:123} INFO - ::group::Pre task execution logs
[2025-01-17T11:08:21.059+0000] {taskinstance.py:2613} INFO - Dependencies all met for dep_context=non-requeueable deps ti=<TaskInstance: user_data_to_duckdb.save_data_to_duckdb manual__2025-01-17T11:07:54.339201+00:00 [queued]>
[2025-01-17T11:08:21.084+0000] {taskinstance.py:2613} INFO - Dependencies all met for dep_context=requeueable deps ti=<TaskInstance: user_data_to_duckdb.save_data_to_duckdb manual__2025-01-17T11:07:54.339201+00:00 [queued]>
[2025-01-17T11:08:21.085+0000] {taskinstance.py:2866} INFO - Starting attempt 1 of 2
[2025-01-17T11:08:21.129+0000] {taskinstance.py:2889} INFO - Executing <Task(PythonOperator): save_data_to_duckdb> on 2025-01-17 11:07:54.339201+00:00
[2025-01-17T11:08:21.144+0000] {warnings.py:112} WARNING - /home/***/.local/lib/python3.12/site-packages/***/task/task_runner/standard_task_runner.py:70: DeprecationWarning: This process (pid=208) is multi-threaded, use of fork() may lead to deadlocks in the child.
  pid = os.fork()

[2025-01-17T11:08:21.148+0000] {standard_task_runner.py:72} INFO - Started process 221 to run task
[2025-01-17T11:08:21.156+0000] {standard_task_runner.py:104} INFO - Running: ['***', 'tasks', 'run', 'user_data_to_duckdb', 'save_data_to_duckdb', 'manual__2025-01-17T11:07:54.339201+00:00', '--job-id', '86', '--raw', '--subdir', 'DAGS_FOLDER/api_duckdb_dag.py', '--cfg-path', '/tmp/tmpf3i2dst6']
[2025-01-17T11:08:21.161+0000] {standard_task_runner.py:105} INFO - Job 86: Subtask save_data_to_duckdb
[2025-01-17T11:08:21.355+0000] {task_command.py:467} INFO - Running <TaskInstance: user_data_to_duckdb.save_data_to_duckdb manual__2025-01-17T11:07:54.339201+00:00 [running]> on host 30cdf1707cac
[2025-01-17T11:08:21.691+0000] {taskinstance.py:3132} INFO - Exporting env vars: AIRFLOW_CTX_DAG_OWNER='***' AIRFLOW_CTX_DAG_ID='user_data_to_duckdb' AIRFLOW_CTX_TASK_ID='save_data_to_duckdb' AIRFLOW_CTX_EXECUTION_DATE='2025-01-17T11:07:54.339201+00:00' AIRFLOW_CTX_TRY_NUMBER='1' AIRFLOW_CTX_DAG_RUN_ID='manual__2025-01-17T11:07:54.339201+00:00'
[2025-01-17T11:08:21.695+0000] {logging_mixin.py:190} INFO - Task instance is in running state
[2025-01-17T11:08:21.696+0000] {logging_mixin.py:190} INFO -  Previous state of the Task instance: queued
[2025-01-17T11:08:21.697+0000] {logging_mixin.py:190} INFO - Current task name:save_data_to_duckdb state:running start_date:2025-01-17 11:08:21.062701+00:00
[2025-01-17T11:08:21.698+0000] {logging_mixin.py:190} INFO - Dag name:user_data_to_duckdb and current dag run status:running
[2025-01-17T11:08:21.698+0000] {taskinstance.py:731} INFO - ::endgroup::
[2025-01-17T11:08:21.872+0000] {python.py:240} INFO - Done. Returned value was: None
[2025-01-17T11:08:21.891+0000] {taskinstance.py:340} INFO - ::group::Post task execution logs
[2025-01-17T11:08:21.892+0000] {taskinstance.py:352} INFO - Marking task as SUCCESS. dag_id=user_data_to_duckdb, task_id=save_data_to_duckdb, run_id=manual__2025-01-17T11:07:54.339201+00:00, execution_date=20250117T110754, start_date=20250117T110821, end_date=20250117T110821
[2025-01-17T11:08:21.913+0000] {logging_mixin.py:190} INFO - Task instance in success state
[2025-01-17T11:08:21.914+0000] {logging_mixin.py:190} INFO -  Previous state of the Task instance: running
[2025-01-17T11:08:21.914+0000] {logging_mixin.py:190} INFO - Dag name:user_data_to_duckdb queued_at:2025-01-17 11:07:54.421625+00:00
[2025-01-17T11:08:21.915+0000] {logging_mixin.py:190} INFO - Task hostname:30cdf1707cac operator:PythonOperator
[2025-01-17T11:08:21.963+0000] {local_task_job_runner.py:266} INFO - Task exited with return code 0
[2025-01-17T11:08:21.995+0000] {taskinstance.py:3895} INFO - 1 downstream tasks scheduled from follow-on schedule check
[2025-01-17T11:08:21.998+0000] {local_task_job_runner.py:245} INFO - ::endgroup::
