[2025-01-20T08:45:37.124+0000] {local_task_job_runner.py:123} INFO - ::group::Pre task execution logs
[2025-01-20T08:45:37.175+0000] {taskinstance.py:2613} INFO - Dependencies all met for dep_context=non-requeueable deps ti=<TaskInstance: user_data_to_duckdb.fetch_user_data_from_api manual__2025-01-20T08:28:43.659522+00:00 [queued]>
[2025-01-20T08:45:37.204+0000] {taskinstance.py:2613} INFO - Dependencies all met for dep_context=requeueable deps ti=<TaskInstance: user_data_to_duckdb.fetch_user_data_from_api manual__2025-01-20T08:28:43.659522+00:00 [queued]>
[2025-01-20T08:45:37.206+0000] {taskinstance.py:2866} INFO - Starting attempt 6 of 7
[2025-01-20T08:45:37.238+0000] {taskinstance.py:2889} INFO - Executing <Task(PythonOperator): fetch_user_data_from_api> on 2025-01-20 08:28:43.659522+00:00
[2025-01-20T08:45:37.251+0000] {warnings.py:112} WARNING - /home/***/.local/lib/python3.12/site-packages/***/task/task_runner/standard_task_runner.py:70: DeprecationWarning: This process (pid=821) is multi-threaded, use of fork() may lead to deadlocks in the child.
  pid = os.fork()

[2025-01-20T08:45:37.255+0000] {standard_task_runner.py:72} INFO - Started process 826 to run task
[2025-01-20T08:45:37.255+0000] {standard_task_runner.py:104} INFO - Running: ['***', 'tasks', 'run', 'user_data_to_duckdb', 'fetch_user_data_from_api', 'manual__2025-01-20T08:28:43.659522+00:00', '--job-id', '27', '--raw', '--subdir', 'DAGS_FOLDER/api_duckdb_dag.py', '--cfg-path', '/tmp/tmp74g9rqym']
[2025-01-20T08:45:37.258+0000] {standard_task_runner.py:105} INFO - Job 27: Subtask fetch_user_data_from_api
[2025-01-20T08:45:37.339+0000] {task_command.py:467} INFO - Running <TaskInstance: user_data_to_duckdb.fetch_user_data_from_api manual__2025-01-20T08:28:43.659522+00:00 [running]> on host af5c9462b200
[2025-01-20T08:45:37.478+0000] {taskinstance.py:3132} INFO - Exporting env vars: AIRFLOW_CTX_DAG_OWNER='***' AIRFLOW_CTX_DAG_ID='user_data_to_duckdb' AIRFLOW_CTX_TASK_ID='fetch_user_data_from_api' AIRFLOW_CTX_EXECUTION_DATE='2025-01-20T08:28:43.659522+00:00' AIRFLOW_CTX_TRY_NUMBER='6' AIRFLOW_CTX_DAG_RUN_ID='manual__2025-01-20T08:28:43.659522+00:00'
[2025-01-20T08:45:37.480+0000] {logging_mixin.py:190} INFO - Task instance is in running state
[2025-01-20T08:45:37.482+0000] {logging_mixin.py:190} INFO -  Previous state of the Task instance: queued
[2025-01-20T08:45:37.483+0000] {logging_mixin.py:190} INFO - Current task name:fetch_user_data_from_api state:running start_date:2025-01-20 08:45:37.177197+00:00
[2025-01-20T08:45:37.484+0000] {logging_mixin.py:190} INFO - Dag name:user_data_to_duckdb and current dag run status:running
[2025-01-20T08:45:37.485+0000] {taskinstance.py:731} INFO - ::endgroup::
[2025-01-20T08:45:37.937+0000] {python.py:240} INFO - Done. Returned value was: /opt/***/apidata/users_data.json
[2025-01-20T08:45:38.012+0000] {taskinstance.py:340} INFO - ::group::Post task execution logs
[2025-01-20T08:45:38.013+0000] {taskinstance.py:352} INFO - Marking task as SUCCESS. dag_id=user_data_to_duckdb, task_id=fetch_user_data_from_api, run_id=manual__2025-01-20T08:28:43.659522+00:00, execution_date=20250120T082843, start_date=20250120T084537, end_date=20250120T084538
[2025-01-20T08:45:38.029+0000] {logging_mixin.py:190} INFO - Task instance in success state
[2025-01-20T08:45:38.032+0000] {logging_mixin.py:190} INFO -  Previous state of the Task instance: running
[2025-01-20T08:45:38.033+0000] {logging_mixin.py:190} INFO - Dag name:user_data_to_duckdb queued_at:2025-01-20 08:28:43.776172+00:00
[2025-01-20T08:45:38.034+0000] {logging_mixin.py:190} INFO - Task hostname:af5c9462b200 operator:PythonOperator
[2025-01-20T08:45:38.079+0000] {local_task_job_runner.py:266} INFO - Task exited with return code 0
[2025-01-20T08:45:38.147+0000] {taskinstance.py:3895} INFO - 1 downstream tasks scheduled from follow-on schedule check
[2025-01-20T08:45:38.151+0000] {local_task_job_runner.py:245} INFO - ::endgroup::
