[2025-01-17T13:28:23.558+0000] {local_task_job_runner.py:123} INFO - ::group::Pre task execution logs
[2025-01-17T13:28:23.585+0000] {taskinstance.py:2613} INFO - Dependencies all met for dep_context=non-requeueable deps ti=<TaskInstance: user_data_to_duckdb.fetch_user_data_from_api manual__2025-01-17T13:26:29.361714+00:00 [queued]>
[2025-01-17T13:28:23.600+0000] {taskinstance.py:2613} INFO - Dependencies all met for dep_context=requeueable deps ti=<TaskInstance: user_data_to_duckdb.fetch_user_data_from_api manual__2025-01-17T13:26:29.361714+00:00 [queued]>
[2025-01-17T13:28:23.601+0000] {taskinstance.py:2866} INFO - Starting attempt 2 of 3
[2025-01-17T13:28:23.628+0000] {taskinstance.py:2889} INFO - Executing <Task(PythonOperator): fetch_user_data_from_api> on 2025-01-17 13:26:29.361714+00:00
[2025-01-17T13:28:23.642+0000] {warnings.py:112} WARNING - /home/***/.local/lib/python3.12/site-packages/***/task/task_runner/standard_task_runner.py:70: DeprecationWarning: This process (pid=334) is multi-threaded, use of fork() may lead to deadlocks in the child.
  pid = os.fork()

[2025-01-17T13:28:23.644+0000] {standard_task_runner.py:72} INFO - Started process 339 to run task
[2025-01-17T13:28:23.647+0000] {standard_task_runner.py:104} INFO - Running: ['***', 'tasks', 'run', 'user_data_to_duckdb', 'fetch_user_data_from_api', 'manual__2025-01-17T13:26:29.361714+00:00', '--job-id', '145', '--raw', '--subdir', 'DAGS_FOLDER/api_duckdb_dag.py', '--cfg-path', '/tmp/tmp8_k38bj0']
[2025-01-17T13:28:23.649+0000] {standard_task_runner.py:105} INFO - Job 145: Subtask fetch_user_data_from_api
[2025-01-17T13:28:23.806+0000] {task_command.py:467} INFO - Running <TaskInstance: user_data_to_duckdb.fetch_user_data_from_api manual__2025-01-17T13:26:29.361714+00:00 [running]> on host f3f45916ac6f
[2025-01-17T13:28:24.109+0000] {taskinstance.py:3132} INFO - Exporting env vars: AIRFLOW_CTX_DAG_OWNER='***' AIRFLOW_CTX_DAG_ID='user_data_to_duckdb' AIRFLOW_CTX_TASK_ID='fetch_user_data_from_api' AIRFLOW_CTX_EXECUTION_DATE='2025-01-17T13:26:29.361714+00:00' AIRFLOW_CTX_TRY_NUMBER='2' AIRFLOW_CTX_DAG_RUN_ID='manual__2025-01-17T13:26:29.361714+00:00'
[2025-01-17T13:28:24.112+0000] {logging_mixin.py:190} INFO - Task instance is in running state
[2025-01-17T13:28:24.113+0000] {logging_mixin.py:190} INFO -  Previous state of the Task instance: queued
[2025-01-17T13:28:24.114+0000] {logging_mixin.py:190} INFO - Current task name:fetch_user_data_from_api state:running start_date:2025-01-17 13:28:23.587660+00:00
[2025-01-17T13:28:24.115+0000] {logging_mixin.py:190} INFO - Dag name:user_data_to_duckdb and current dag run status:running
[2025-01-17T13:28:24.116+0000] {taskinstance.py:731} INFO - ::endgroup::
[2025-01-17T13:28:24.465+0000] {python.py:240} INFO - Done. Returned value was: /opt/***/apidata/users_data.json
[2025-01-17T13:28:24.514+0000] {taskinstance.py:340} INFO - ::group::Post task execution logs
[2025-01-17T13:28:24.515+0000] {taskinstance.py:352} INFO - Marking task as SUCCESS. dag_id=user_data_to_duckdb, task_id=fetch_user_data_from_api, run_id=manual__2025-01-17T13:26:29.361714+00:00, execution_date=20250117T132629, start_date=20250117T132823, end_date=20250117T132824
[2025-01-17T13:28:24.532+0000] {logging_mixin.py:190} INFO - Task instance in success state
[2025-01-17T13:28:24.533+0000] {logging_mixin.py:190} INFO -  Previous state of the Task instance: running
[2025-01-17T13:28:24.535+0000] {logging_mixin.py:190} INFO - Dag name:user_data_to_duckdb queued_at:2025-01-17 13:26:29.435107+00:00
[2025-01-17T13:28:24.540+0000] {logging_mixin.py:190} INFO - Task hostname:f3f45916ac6f operator:PythonOperator
[2025-01-17T13:28:24.628+0000] {local_task_job_runner.py:266} INFO - Task exited with return code 0
[2025-01-17T13:28:24.688+0000] {taskinstance.py:3895} INFO - 1 downstream tasks scheduled from follow-on schedule check
[2025-01-17T13:28:24.692+0000] {local_task_job_runner.py:245} INFO - ::endgroup::
