[2025-01-17T10:27:30.616+0000] {local_task_job_runner.py:123} INFO - ::group::Pre task execution logs
[2025-01-17T10:27:31.007+0000] {taskinstance.py:2613} INFO - Dependencies all met for dep_context=non-requeueable deps ti=<TaskInstance: user_data_to_duckdb.save_data_to_duckdb manual__2025-01-17T10:16:41.648228+00:00 [queued]>
[2025-01-17T10:27:31.150+0000] {taskinstance.py:2613} INFO - Dependencies all met for dep_context=requeueable deps ti=<TaskInstance: user_data_to_duckdb.save_data_to_duckdb manual__2025-01-17T10:16:41.648228+00:00 [queued]>
[2025-01-17T10:27:31.166+0000] {taskinstance.py:2866} INFO - Starting attempt 2 of 3
[2025-01-17T10:27:32.336+0000] {taskinstance.py:2889} INFO - Executing <Task(PythonOperator): save_data_to_duckdb> on 2025-01-17 10:16:41.648228+00:00
[2025-01-17T10:27:32.391+0000] {warnings.py:112} WARNING - /home/***/.local/lib/python3.12/site-packages/***/task/task_runner/standard_task_runner.py:70: DeprecationWarning: This process (pid=424) is multi-threaded, use of fork() may lead to deadlocks in the child.
  pid = os.fork()

[2025-01-17T10:27:32.426+0000] {standard_task_runner.py:72} INFO - Started process 450 to run task
[2025-01-17T10:27:32.403+0000] {standard_task_runner.py:104} INFO - Running: ['***', 'tasks', 'run', 'user_data_to_duckdb', 'save_data_to_duckdb', 'manual__2025-01-17T10:16:41.648228+00:00', '--job-id', '73', '--raw', '--subdir', 'DAGS_FOLDER/api_duckdb_dag.py', '--cfg-path', '/tmp/tmp2otb9ba4']
[2025-01-17T10:27:32.481+0000] {standard_task_runner.py:105} INFO - Job 73: Subtask save_data_to_duckdb
[2025-01-17T10:27:32.923+0000] {task_command.py:467} INFO - Running <TaskInstance: user_data_to_duckdb.save_data_to_duckdb manual__2025-01-17T10:16:41.648228+00:00 [running]> on host 394999114d74
[2025-01-17T10:27:33.480+0000] {taskinstance.py:3132} INFO - Exporting env vars: AIRFLOW_CTX_DAG_OWNER='***' AIRFLOW_CTX_DAG_ID='user_data_to_duckdb' AIRFLOW_CTX_TASK_ID='save_data_to_duckdb' AIRFLOW_CTX_EXECUTION_DATE='2025-01-17T10:16:41.648228+00:00' AIRFLOW_CTX_TRY_NUMBER='2' AIRFLOW_CTX_DAG_RUN_ID='manual__2025-01-17T10:16:41.648228+00:00'
[2025-01-17T10:27:33.498+0000] {logging_mixin.py:190} INFO - Task instance is in running state
[2025-01-17T10:27:33.503+0000] {logging_mixin.py:190} INFO -  Previous state of the Task instance: queued
[2025-01-17T10:27:33.504+0000] {logging_mixin.py:190} INFO - Current task name:save_data_to_duckdb state:running start_date:2025-01-17 10:27:31.011356+00:00
[2025-01-17T10:27:33.506+0000] {logging_mixin.py:190} INFO - Dag name:user_data_to_duckdb and current dag run status:running
[2025-01-17T10:27:33.511+0000] {taskinstance.py:731} INFO - ::endgroup::
[2025-01-17T10:27:34.983+0000] {python.py:240} INFO - Done. Returned value was: None
[2025-01-17T10:27:35.168+0000] {taskinstance.py:340} INFO - ::group::Post task execution logs
[2025-01-17T10:27:35.170+0000] {taskinstance.py:352} INFO - Marking task as SUCCESS. dag_id=user_data_to_duckdb, task_id=save_data_to_duckdb, run_id=manual__2025-01-17T10:16:41.648228+00:00, execution_date=20250117T101641, start_date=20250117T102731, end_date=20250117T102735
[2025-01-17T10:27:35.268+0000] {logging_mixin.py:190} INFO - Task instance in success state
[2025-01-17T10:27:35.270+0000] {logging_mixin.py:190} INFO -  Previous state of the Task instance: running
[2025-01-17T10:27:35.271+0000] {logging_mixin.py:190} INFO - Dag name:user_data_to_duckdb queued_at:2025-01-17 10:16:41.727679+00:00
[2025-01-17T10:27:35.272+0000] {logging_mixin.py:190} INFO - Task hostname:394999114d74 operator:PythonOperator
[2025-01-17T10:27:35.416+0000] {local_task_job_runner.py:266} INFO - Task exited with return code 0
[2025-01-17T10:27:35.520+0000] {taskinstance.py:3895} INFO - 1 downstream tasks scheduled from follow-on schedule check
[2025-01-17T10:27:35.535+0000] {local_task_job_runner.py:245} INFO - ::endgroup::
