[2025-01-20T10:42:32.349+0000] {local_task_job_runner.py:123} INFO - ::group::Pre task execution logs
[2025-01-20T10:42:32.358+0000] {local_task_job_runner.py:123} INFO - ::group::Pre task execution logs
[2025-01-20T10:42:32.631+0000] {taskinstance.py:2613} INFO - Dependencies all met for dep_context=non-requeueable deps ti=<TaskInstance: user_data_to_duckdb.fetch_user_data_from_api manual__2025-01-20T10:42:09.234739+00:00 [queued]>
[2025-01-20T10:42:32.645+0000] {taskinstance.py:2613} INFO - Dependencies all met for dep_context=requeueable deps ti=<TaskInstance: user_data_to_duckdb.fetch_user_data_from_api manual__2025-01-20T10:42:09.234739+00:00 [queued]>
[2025-01-20T10:42:32.646+0000] {taskinstance.py:2866} INFO - Starting attempt 1 of 2
[2025-01-20T10:42:32.698+0000] {taskinstance.py:2889} INFO - Executing <Task(PythonOperator): fetch_user_data_from_api> on 2025-01-20 10:42:09.234739+00:00
[2025-01-20T10:42:32.700+0000] {taskinstance.py:2603} INFO - Dependencies not met for <TaskInstance: user_data_to_duckdb.fetch_user_data_from_api manual__2025-01-20T10:42:09.234739+00:00 [running]>, dependency 'Task Instance State' FAILED: Task is in the 'running' state.
[2025-01-20T10:42:32.701+0000] {taskinstance.py:2603} INFO - Dependencies not met for <TaskInstance: user_data_to_duckdb.fetch_user_data_from_api manual__2025-01-20T10:42:09.234739+00:00 [running]>, dependency 'Task Instance Not Running' FAILED: Task is in the running state
[2025-01-20T10:42:32.723+0000] {standard_task_runner.py:104} INFO - Running: ['***', 'tasks', 'run', 'user_data_to_duckdb', 'fetch_user_data_from_api', 'manual__2025-01-20T10:42:09.234739+00:00', '--job-id', '9', '--raw', '--subdir', 'DAGS_FOLDER/api_duckdb_dag.py', '--cfg-path', '/tmp/tmplif7r93_']
[2025-01-20T10:42:32.729+0000] {warnings.py:112} WARNING - /home/***/.local/lib/python3.12/site-packages/***/task/task_runner/standard_task_runner.py:70: DeprecationWarning: This process (pid=906) is multi-threaded, use of fork() may lead to deadlocks in the child.
  pid = os.fork()

[2025-01-20T10:42:32.732+0000] {standard_task_runner.py:72} INFO - Started process 915 to run task
[2025-01-20T10:42:32.731+0000] {standard_task_runner.py:105} INFO - Job 9: Subtask fetch_user_data_from_api
[2025-01-20T10:42:32.899+0000] {task_command.py:467} INFO - Running <TaskInstance: user_data_to_duckdb.fetch_user_data_from_api manual__2025-01-20T10:42:09.234739+00:00 [running]> on host b07af8d3a0b2
[2025-01-20T10:42:33.151+0000] {local_task_job_runner.py:166} INFO - Task is not able to be run
[2025-01-20T10:42:33.319+0000] {taskinstance.py:3132} INFO - Exporting env vars: AIRFLOW_CTX_DAG_OWNER='***' AIRFLOW_CTX_DAG_ID='user_data_to_duckdb' AIRFLOW_CTX_TASK_ID='fetch_user_data_from_api' AIRFLOW_CTX_EXECUTION_DATE='2025-01-20T10:42:09.234739+00:00' AIRFLOW_CTX_TRY_NUMBER='1' AIRFLOW_CTX_DAG_RUN_ID='manual__2025-01-20T10:42:09.234739+00:00'
[2025-01-20T10:42:33.322+0000] {logging_mixin.py:190} INFO - Task instance is in running state
[2025-01-20T10:42:33.324+0000] {logging_mixin.py:190} INFO -  Previous state of the Task instance: queued
[2025-01-20T10:42:33.327+0000] {logging_mixin.py:190} INFO - Current task name:fetch_user_data_from_api state:running start_date:2025-01-20 10:42:32.632554+00:00
[2025-01-20T10:42:33.328+0000] {logging_mixin.py:190} INFO - Dag name:user_data_to_duckdb and current dag run status:running
[2025-01-20T10:42:33.329+0000] {taskinstance.py:731} INFO - ::endgroup::
[2025-01-20T10:42:33.916+0000] {python.py:240} INFO - Done. Returned value was: /opt/***/apidata/users_data.json
[2025-01-20T10:42:33.970+0000] {taskinstance.py:340} INFO - ::group::Post task execution logs
[2025-01-20T10:42:33.971+0000] {taskinstance.py:352} INFO - Marking task as SUCCESS. dag_id=user_data_to_duckdb, task_id=fetch_user_data_from_api, run_id=manual__2025-01-20T10:42:09.234739+00:00, execution_date=20250120T104209, start_date=20250120T104232, end_date=20250120T104233
[2025-01-20T10:42:34.014+0000] {logging_mixin.py:190} INFO - Task instance in success state
[2025-01-20T10:42:34.016+0000] {logging_mixin.py:190} INFO -  Previous state of the Task instance: running
[2025-01-20T10:42:34.017+0000] {logging_mixin.py:190} INFO - Dag name:user_data_to_duckdb queued_at:2025-01-20 10:42:09.773057+00:00
[2025-01-20T10:42:34.018+0000] {logging_mixin.py:190} INFO - Task hostname:b07af8d3a0b2 operator:PythonOperator
[2025-01-20T10:42:34.069+0000] {local_task_job_runner.py:266} INFO - Task exited with return code 0
[2025-01-20T10:42:34.165+0000] {taskinstance.py:3895} INFO - 1 downstream tasks scheduled from follow-on schedule check
[2025-01-20T10:42:34.184+0000] {local_task_job_runner.py:245} INFO - ::endgroup::
