[2025-01-20T07:06:27.857+0000] {local_task_job_runner.py:123} INFO - ::group::Pre task execution logs
[2025-01-20T07:06:27.968+0000] {taskinstance.py:2613} INFO - Dependencies all met for dep_context=non-requeueable deps ti=<TaskInstance: user_data_to_duckdb.fetch_user_data_from_api scheduled__2025-01-19T00:00:00+00:00 [queued]>
[2025-01-20T07:06:28.007+0000] {taskinstance.py:2613} INFO - Dependencies all met for dep_context=requeueable deps ti=<TaskInstance: user_data_to_duckdb.fetch_user_data_from_api scheduled__2025-01-19T00:00:00+00:00 [queued]>
[2025-01-20T07:06:28.008+0000] {taskinstance.py:2866} INFO - Starting attempt 2 of 3
[2025-01-20T07:06:28.625+0000] {taskinstance.py:2889} INFO - Executing <Task(PythonOperator): fetch_user_data_from_api> on 2025-01-19 00:00:00+00:00
[2025-01-20T07:06:28.653+0000] {warnings.py:112} WARNING - /home/***/.local/lib/python3.12/site-packages/***/task/task_runner/standard_task_runner.py:70: DeprecationWarning: This process (pid=219) is multi-threaded, use of fork() may lead to deadlocks in the child.
  pid = os.fork()

[2025-01-20T07:06:28.657+0000] {standard_task_runner.py:72} INFO - Started process 235 to run task
[2025-01-20T07:06:28.665+0000] {standard_task_runner.py:104} INFO - Running: ['***', 'tasks', 'run', 'user_data_to_duckdb', 'fetch_user_data_from_api', 'scheduled__2025-01-19T00:00:00+00:00', '--job-id', '5', '--raw', '--subdir', 'DAGS_FOLDER/api_duckdb_dag.py', '--cfg-path', '/tmp/tmpoc14fna1']
[2025-01-20T07:06:28.672+0000] {standard_task_runner.py:105} INFO - Job 5: Subtask fetch_user_data_from_api
[2025-01-20T07:06:28.810+0000] {task_command.py:467} INFO - Running <TaskInstance: user_data_to_duckdb.fetch_user_data_from_api scheduled__2025-01-19T00:00:00+00:00 [running]> on host f1a6bf7b32bb
[2025-01-20T07:06:28.996+0000] {taskinstance.py:3132} INFO - Exporting env vars: AIRFLOW_CTX_DAG_OWNER='***' AIRFLOW_CTX_DAG_ID='user_data_to_duckdb' AIRFLOW_CTX_TASK_ID='fetch_user_data_from_api' AIRFLOW_CTX_EXECUTION_DATE='2025-01-19T00:00:00+00:00' AIRFLOW_CTX_TRY_NUMBER='2' AIRFLOW_CTX_DAG_RUN_ID='scheduled__2025-01-19T00:00:00+00:00'
[2025-01-20T07:06:28.999+0000] {logging_mixin.py:190} INFO - Task instance is in running state
[2025-01-20T07:06:29.000+0000] {logging_mixin.py:190} INFO -  Previous state of the Task instance: queued
[2025-01-20T07:06:29.003+0000] {logging_mixin.py:190} INFO - Current task name:fetch_user_data_from_api state:running start_date:2025-01-20 07:06:27.971736+00:00
[2025-01-20T07:06:29.004+0000] {logging_mixin.py:190} INFO - Dag name:user_data_to_duckdb and current dag run status:running
[2025-01-20T07:06:29.005+0000] {taskinstance.py:731} INFO - ::endgroup::
[2025-01-20T07:06:30.176+0000] {python.py:240} INFO - Done. Returned value was: /opt/***/apidata/users_data.json
[2025-01-20T07:06:30.251+0000] {taskinstance.py:340} INFO - ::group::Post task execution logs
[2025-01-20T07:06:30.256+0000] {taskinstance.py:352} INFO - Marking task as SUCCESS. dag_id=user_data_to_duckdb, task_id=fetch_user_data_from_api, run_id=scheduled__2025-01-19T00:00:00+00:00, execution_date=20250119T000000, start_date=20250120T070627, end_date=20250120T070630
[2025-01-20T07:06:30.295+0000] {logging_mixin.py:190} INFO - Task instance in success state
[2025-01-20T07:06:30.296+0000] {logging_mixin.py:190} INFO -  Previous state of the Task instance: running
[2025-01-20T07:06:30.298+0000] {logging_mixin.py:190} INFO - Dag name:user_data_to_duckdb queued_at:2025-01-20 07:01:32.824646+00:00
[2025-01-20T07:06:30.299+0000] {logging_mixin.py:190} INFO - Task hostname:f1a6bf7b32bb operator:PythonOperator
[2025-01-20T07:06:30.387+0000] {local_task_job_runner.py:266} INFO - Task exited with return code 0
[2025-01-20T07:06:30.471+0000] {taskinstance.py:3895} INFO - 1 downstream tasks scheduled from follow-on schedule check
[2025-01-20T07:06:30.474+0000] {local_task_job_runner.py:245} INFO - ::endgroup::
[2025-01-20T08:13:35.121+0000] {local_task_job_runner.py:123} INFO - ::group::Pre task execution logs
[2025-01-20T08:13:35.499+0000] {taskinstance.py:2613} INFO - Dependencies all met for dep_context=non-requeueable deps ti=<TaskInstance: user_data_to_duckdb.fetch_user_data_from_api scheduled__2025-01-19T00:00:00+00:00 [queued]>
[2025-01-20T08:13:35.538+0000] {taskinstance.py:2613} INFO - Dependencies all met for dep_context=requeueable deps ti=<TaskInstance: user_data_to_duckdb.fetch_user_data_from_api scheduled__2025-01-19T00:00:00+00:00 [queued]>
[2025-01-20T08:13:35.539+0000] {taskinstance.py:2866} INFO - Starting attempt 2 of 3
[2025-01-20T08:13:35.636+0000] {taskinstance.py:2889} INFO - Executing <Task(PythonOperator): fetch_user_data_from_api> on 2025-01-19 00:00:00+00:00
[2025-01-20T08:13:35.663+0000] {warnings.py:112} WARNING - /home/***/.local/lib/python3.12/site-packages/***/task/task_runner/standard_task_runner.py:70: DeprecationWarning: This process (pid=248) is multi-threaded, use of fork() may lead to deadlocks in the child.
  pid = os.fork()

[2025-01-20T08:13:35.688+0000] {standard_task_runner.py:72} INFO - Started process 253 to run task
[2025-01-20T08:13:35.691+0000] {standard_task_runner.py:104} INFO - Running: ['***', 'tasks', 'run', 'user_data_to_duckdb', 'fetch_user_data_from_api', 'scheduled__2025-01-19T00:00:00+00:00', '--job-id', '8', '--raw', '--subdir', 'DAGS_FOLDER/api_duckdb_dag.py', '--cfg-path', '/tmp/tmp8_vm7zpf']
[2025-01-20T08:13:35.694+0000] {standard_task_runner.py:105} INFO - Job 8: Subtask fetch_user_data_from_api
[2025-01-20T08:13:35.843+0000] {task_command.py:467} INFO - Running <TaskInstance: user_data_to_duckdb.fetch_user_data_from_api scheduled__2025-01-19T00:00:00+00:00 [running]> on host af5c9462b200
[2025-01-20T08:13:36.084+0000] {taskinstance.py:3132} INFO - Exporting env vars: AIRFLOW_CTX_DAG_OWNER='***' AIRFLOW_CTX_DAG_ID='user_data_to_duckdb' AIRFLOW_CTX_TASK_ID='fetch_user_data_from_api' AIRFLOW_CTX_EXECUTION_DATE='2025-01-19T00:00:00+00:00' AIRFLOW_CTX_TRY_NUMBER='2' AIRFLOW_CTX_DAG_RUN_ID='scheduled__2025-01-19T00:00:00+00:00'
[2025-01-20T08:13:36.087+0000] {logging_mixin.py:190} INFO - Task instance is in running state
[2025-01-20T08:13:36.093+0000] {logging_mixin.py:190} INFO -  Previous state of the Task instance: queued
[2025-01-20T08:13:36.094+0000] {logging_mixin.py:190} INFO - Current task name:fetch_user_data_from_api state:running start_date:2025-01-20 08:13:35.500972+00:00
[2025-01-20T08:13:36.096+0000] {logging_mixin.py:190} INFO - Dag name:user_data_to_duckdb and current dag run status:running
[2025-01-20T08:13:36.099+0000] {taskinstance.py:731} INFO - ::endgroup::
[2025-01-20T08:13:36.547+0000] {python.py:240} INFO - Done. Returned value was: /opt/***/apidata/users_data.json
[2025-01-20T08:13:36.591+0000] {taskinstance.py:340} INFO - ::group::Post task execution logs
[2025-01-20T08:13:36.592+0000] {taskinstance.py:352} INFO - Marking task as SUCCESS. dag_id=user_data_to_duckdb, task_id=fetch_user_data_from_api, run_id=scheduled__2025-01-19T00:00:00+00:00, execution_date=20250119T000000, start_date=20250120T081335, end_date=20250120T081336
[2025-01-20T08:13:36.609+0000] {logging_mixin.py:190} INFO - Task instance in success state
[2025-01-20T08:13:36.610+0000] {logging_mixin.py:190} INFO -  Previous state of the Task instance: running
[2025-01-20T08:13:36.611+0000] {logging_mixin.py:190} INFO - Dag name:user_data_to_duckdb queued_at:2025-01-20 08:08:54.720969+00:00
[2025-01-20T08:13:36.612+0000] {logging_mixin.py:190} INFO - Task hostname:af5c9462b200 operator:PythonOperator
[2025-01-20T08:13:36.647+0000] {local_task_job_runner.py:266} INFO - Task exited with return code 0
[2025-01-20T08:13:36.703+0000] {taskinstance.py:3895} INFO - 1 downstream tasks scheduled from follow-on schedule check
[2025-01-20T08:13:36.706+0000] {local_task_job_runner.py:245} INFO - ::endgroup::
