[2025-01-17T11:08:13.584+0000] {local_task_job_runner.py:123} INFO - ::group::Pre task execution logs
[2025-01-17T11:08:13.914+0000] {taskinstance.py:2613} INFO - Dependencies all met for dep_context=non-requeueable deps ti=<TaskInstance: user_data_to_duckdb.fetch_user_data_from_api manual__2025-01-17T11:07:54.339201+00:00 [queued]>
[2025-01-17T11:08:13.934+0000] {taskinstance.py:2613} INFO - Dependencies all met for dep_context=requeueable deps ti=<TaskInstance: user_data_to_duckdb.fetch_user_data_from_api manual__2025-01-17T11:07:54.339201+00:00 [queued]>
[2025-01-17T11:08:13.935+0000] {taskinstance.py:2866} INFO - Starting attempt 1 of 2
[2025-01-17T11:08:13.958+0000] {taskinstance.py:2889} INFO - Executing <Task(PythonOperator): fetch_user_data_from_api> on 2025-01-17 11:07:54.339201+00:00
[2025-01-17T11:08:13.971+0000] {warnings.py:112} WARNING - /home/***/.local/lib/python3.12/site-packages/***/task/task_runner/standard_task_runner.py:70: DeprecationWarning: This process (pid=201) is multi-threaded, use of fork() may lead to deadlocks in the child.
  pid = os.fork()

[2025-01-17T11:08:13.973+0000] {standard_task_runner.py:72} INFO - Started process 206 to run task
[2025-01-17T11:08:13.979+0000] {standard_task_runner.py:104} INFO - Running: ['***', 'tasks', 'run', 'user_data_to_duckdb', 'fetch_user_data_from_api', 'manual__2025-01-17T11:07:54.339201+00:00', '--job-id', '85', '--raw', '--subdir', 'DAGS_FOLDER/api_duckdb_dag.py', '--cfg-path', '/tmp/tmp9v9kchhx']
[2025-01-17T11:08:13.981+0000] {standard_task_runner.py:105} INFO - Job 85: Subtask fetch_user_data_from_api
[2025-01-17T11:08:14.132+0000] {task_command.py:467} INFO - Running <TaskInstance: user_data_to_duckdb.fetch_user_data_from_api manual__2025-01-17T11:07:54.339201+00:00 [running]> on host 30cdf1707cac
[2025-01-17T11:08:14.466+0000] {taskinstance.py:3132} INFO - Exporting env vars: AIRFLOW_CTX_DAG_OWNER='***' AIRFLOW_CTX_DAG_ID='user_data_to_duckdb' AIRFLOW_CTX_TASK_ID='fetch_user_data_from_api' AIRFLOW_CTX_EXECUTION_DATE='2025-01-17T11:07:54.339201+00:00' AIRFLOW_CTX_TRY_NUMBER='1' AIRFLOW_CTX_DAG_RUN_ID='manual__2025-01-17T11:07:54.339201+00:00'
[2025-01-17T11:08:14.468+0000] {logging_mixin.py:190} INFO - Task instance is in running state
[2025-01-17T11:08:14.469+0000] {logging_mixin.py:190} INFO -  Previous state of the Task instance: queued
[2025-01-17T11:08:14.469+0000] {logging_mixin.py:190} INFO - Current task name:fetch_user_data_from_api state:running start_date:2025-01-17 11:08:13.915310+00:00
[2025-01-17T11:08:14.470+0000] {logging_mixin.py:190} INFO - Dag name:user_data_to_duckdb and current dag run status:running
[2025-01-17T11:08:14.471+0000] {taskinstance.py:731} INFO - ::endgroup::
[2025-01-17T11:08:14.946+0000] {python.py:240} INFO - Done. Returned value was: /opt/***/apidata/users_data.json
[2025-01-17T11:08:14.998+0000] {taskinstance.py:340} INFO - ::group::Post task execution logs
[2025-01-17T11:08:14.999+0000] {taskinstance.py:352} INFO - Marking task as SUCCESS. dag_id=user_data_to_duckdb, task_id=fetch_user_data_from_api, run_id=manual__2025-01-17T11:07:54.339201+00:00, execution_date=20250117T110754, start_date=20250117T110813, end_date=20250117T110814
[2025-01-17T11:08:15.022+0000] {logging_mixin.py:190} INFO - Task instance in success state
[2025-01-17T11:08:15.024+0000] {logging_mixin.py:190} INFO -  Previous state of the Task instance: running
[2025-01-17T11:08:15.025+0000] {logging_mixin.py:190} INFO - Dag name:user_data_to_duckdb queued_at:2025-01-17 11:07:54.421625+00:00
[2025-01-17T11:08:15.026+0000] {logging_mixin.py:190} INFO - Task hostname:30cdf1707cac operator:PythonOperator
[2025-01-17T11:08:15.086+0000] {local_task_job_runner.py:266} INFO - Task exited with return code 0
[2025-01-17T11:08:15.135+0000] {taskinstance.py:3895} INFO - 1 downstream tasks scheduled from follow-on schedule check
[2025-01-17T11:08:15.138+0000] {local_task_job_runner.py:245} INFO - ::endgroup::
