[2025-01-20T06:16:13.622+0000] {local_task_job_runner.py:123} INFO - ::group::Pre task execution logs
[2025-01-20T06:16:14.158+0000] {taskinstance.py:2613} INFO - Dependencies all met for dep_context=non-requeueable deps ti=<TaskInstance: user_data_to_duckdb.fetch_user_data_from_api scheduled__2025-01-18T00:00:00+00:00 [queued]>
[2025-01-20T06:16:14.281+0000] {taskinstance.py:2613} INFO - Dependencies all met for dep_context=requeueable deps ti=<TaskInstance: user_data_to_duckdb.fetch_user_data_from_api scheduled__2025-01-18T00:00:00+00:00 [queued]>
[2025-01-20T06:16:14.299+0000] {taskinstance.py:2866} INFO - Starting attempt 1 of 2
[2025-01-20T06:16:14.500+0000] {taskinstance.py:2889} INFO - Executing <Task(PythonOperator): fetch_user_data_from_api> on 2025-01-18 00:00:00+00:00
[2025-01-20T06:16:14.542+0000] {warnings.py:112} WARNING - /home/***/.local/lib/python3.12/site-packages/***/task/task_runner/standard_task_runner.py:70: DeprecationWarning: This process (pid=112) is multi-threaded, use of fork() may lead to deadlocks in the child.
  pid = os.fork()

[2025-01-20T06:16:14.574+0000] {standard_task_runner.py:72} INFO - Started process 130 to run task
[2025-01-20T06:16:14.569+0000] {standard_task_runner.py:104} INFO - Running: ['***', 'tasks', 'run', 'user_data_to_duckdb', 'fetch_user_data_from_api', 'scheduled__2025-01-18T00:00:00+00:00', '--job-id', '175', '--raw', '--subdir', 'DAGS_FOLDER/api_duckdb_dag.py', '--cfg-path', '/tmp/tmpig5janus']
[2025-01-20T06:16:14.646+0000] {standard_task_runner.py:105} INFO - Job 175: Subtask fetch_user_data_from_api
[2025-01-20T06:16:15.430+0000] {task_command.py:467} INFO - Running <TaskInstance: user_data_to_duckdb.fetch_user_data_from_api scheduled__2025-01-18T00:00:00+00:00 [running]> on host f3f45916ac6f
[2025-01-20T06:16:16.052+0000] {taskinstance.py:3132} INFO - Exporting env vars: AIRFLOW_CTX_DAG_OWNER='***' AIRFLOW_CTX_DAG_ID='user_data_to_duckdb' AIRFLOW_CTX_TASK_ID='fetch_user_data_from_api' AIRFLOW_CTX_EXECUTION_DATE='2025-01-18T00:00:00+00:00' AIRFLOW_CTX_TRY_NUMBER='1' AIRFLOW_CTX_DAG_RUN_ID='scheduled__2025-01-18T00:00:00+00:00'
[2025-01-20T06:16:16.060+0000] {logging_mixin.py:190} INFO - Task instance is in running state
[2025-01-20T06:16:16.062+0000] {logging_mixin.py:190} INFO -  Previous state of the Task instance: queued
[2025-01-20T06:16:16.074+0000] {logging_mixin.py:190} INFO - Current task name:fetch_user_data_from_api state:running start_date:2025-01-20 06:16:14.171418+00:00
[2025-01-20T06:16:16.078+0000] {logging_mixin.py:190} INFO - Dag name:user_data_to_duckdb and current dag run status:running
[2025-01-20T06:16:16.080+0000] {taskinstance.py:731} INFO - ::endgroup::
[2025-01-20T06:16:16.816+0000] {python.py:240} INFO - Done. Returned value was: /opt/***/apidata/users_data.json
[2025-01-20T06:16:16.966+0000] {taskinstance.py:340} INFO - ::group::Post task execution logs
[2025-01-20T06:16:16.969+0000] {taskinstance.py:352} INFO - Marking task as SUCCESS. dag_id=user_data_to_duckdb, task_id=fetch_user_data_from_api, run_id=scheduled__2025-01-18T00:00:00+00:00, execution_date=20250118T000000, start_date=20250120T061614, end_date=20250120T061616
[2025-01-20T06:16:17.034+0000] {logging_mixin.py:190} INFO - Task instance in success state
[2025-01-20T06:16:17.035+0000] {logging_mixin.py:190} INFO -  Previous state of the Task instance: running
[2025-01-20T06:16:17.036+0000] {logging_mixin.py:190} INFO - Dag name:user_data_to_duckdb queued_at:2025-01-20 06:14:02.821427+00:00
[2025-01-20T06:16:17.038+0000] {logging_mixin.py:190} INFO - Task hostname:f3f45916ac6f operator:PythonOperator
[2025-01-20T06:16:17.119+0000] {local_task_job_runner.py:266} INFO - Task exited with return code 0
[2025-01-20T06:16:17.286+0000] {taskinstance.py:3895} INFO - 1 downstream tasks scheduled from follow-on schedule check
[2025-01-20T06:16:17.314+0000] {local_task_job_runner.py:245} INFO - ::endgroup::
