[2025-01-17T11:39:59.627+0000] {local_task_job_runner.py:123} INFO - ::group::Pre task execution logs
[2025-01-17T11:40:00.458+0000] {taskinstance.py:2613} INFO - Dependencies all met for dep_context=non-requeueable deps ti=<TaskInstance: user_data_to_duckdb.fetch_user_data_from_api manual__2025-01-17T11:25:51.593936+00:00 [queued]>
[2025-01-17T11:40:00.598+0000] {taskinstance.py:2613} INFO - Dependencies all met for dep_context=requeueable deps ti=<TaskInstance: user_data_to_duckdb.fetch_user_data_from_api manual__2025-01-17T11:25:51.593936+00:00 [queued]>
[2025-01-17T11:40:00.623+0000] {taskinstance.py:2866} INFO - Starting attempt 2 of 2
[2025-01-17T11:40:00.741+0000] {taskinstance.py:2889} INFO - Executing <Task(PythonOperator): fetch_user_data_from_api> on 2025-01-17 11:25:51.593936+00:00
[2025-01-17T11:40:00.812+0000] {warnings.py:112} WARNING - /home/***/.local/lib/python3.12/site-packages/***/task/task_runner/standard_task_runner.py:70: DeprecationWarning: This process (pid=145) is multi-threaded, use of fork() may lead to deadlocks in the child.
  pid = os.fork()

[2025-01-17T11:40:00.820+0000] {standard_task_runner.py:72} INFO - Started process 168 to run task
[2025-01-17T11:40:00.854+0000] {standard_task_runner.py:104} INFO - Running: ['***', 'tasks', 'run', 'user_data_to_duckdb', 'fetch_user_data_from_api', 'manual__2025-01-17T11:25:51.593936+00:00', '--job-id', '93', '--raw', '--subdir', 'DAGS_FOLDER/api_duckdb_dag.py', '--cfg-path', '/tmp/tmpavvnhhqn']
[2025-01-17T11:40:00.865+0000] {standard_task_runner.py:105} INFO - Job 93: Subtask fetch_user_data_from_api
[2025-01-17T11:40:01.262+0000] {task_command.py:467} INFO - Running <TaskInstance: user_data_to_duckdb.fetch_user_data_from_api manual__2025-01-17T11:25:51.593936+00:00 [running]> on host 78d3b8284409
[2025-01-17T11:40:01.682+0000] {taskinstance.py:3132} INFO - Exporting env vars: AIRFLOW_CTX_DAG_OWNER='***' AIRFLOW_CTX_DAG_ID='user_data_to_duckdb' AIRFLOW_CTX_TASK_ID='fetch_user_data_from_api' AIRFLOW_CTX_EXECUTION_DATE='2025-01-17T11:25:51.593936+00:00' AIRFLOW_CTX_TRY_NUMBER='2' AIRFLOW_CTX_DAG_RUN_ID='manual__2025-01-17T11:25:51.593936+00:00'
[2025-01-17T11:40:01.688+0000] {logging_mixin.py:190} INFO - Task instance is in running state
[2025-01-17T11:40:01.689+0000] {logging_mixin.py:190} INFO -  Previous state of the Task instance: queued
[2025-01-17T11:40:01.691+0000] {logging_mixin.py:190} INFO - Current task name:fetch_user_data_from_api state:running start_date:2025-01-17 11:40:00.484034+00:00
[2025-01-17T11:40:01.693+0000] {logging_mixin.py:190} INFO - Dag name:user_data_to_duckdb and current dag run status:running
[2025-01-17T11:40:01.694+0000] {taskinstance.py:731} INFO - ::endgroup::
[2025-01-17T11:40:03.090+0000] {python.py:240} INFO - Done. Returned value was: /opt/***/apidata/users_data.json
[2025-01-17T11:40:03.270+0000] {taskinstance.py:340} INFO - ::group::Post task execution logs
[2025-01-17T11:40:03.273+0000] {taskinstance.py:352} INFO - Marking task as SUCCESS. dag_id=user_data_to_duckdb, task_id=fetch_user_data_from_api, run_id=manual__2025-01-17T11:25:51.593936+00:00, execution_date=20250117T112551, start_date=20250117T114000, end_date=20250117T114003
[2025-01-17T11:40:03.354+0000] {logging_mixin.py:190} INFO - Task instance in success state
[2025-01-17T11:40:03.357+0000] {logging_mixin.py:190} INFO -  Previous state of the Task instance: running
[2025-01-17T11:40:03.358+0000] {logging_mixin.py:190} INFO - Dag name:user_data_to_duckdb queued_at:2025-01-17 11:25:51.866337+00:00
[2025-01-17T11:40:03.359+0000] {logging_mixin.py:190} INFO - Task hostname:78d3b8284409 operator:PythonOperator
[2025-01-17T11:40:03.507+0000] {local_task_job_runner.py:266} INFO - Task exited with return code 0
[2025-01-17T11:40:03.714+0000] {taskinstance.py:3895} INFO - 1 downstream tasks scheduled from follow-on schedule check
[2025-01-17T11:40:03.758+0000] {local_task_job_runner.py:245} INFO - ::endgroup::
