[2025-01-17T13:02:44.628+0000] {local_task_job_runner.py:123} INFO - ::group::Pre task execution logs
[2025-01-17T13:02:44.704+0000] {taskinstance.py:2613} INFO - Dependencies all met for dep_context=non-requeueable deps ti=<TaskInstance: user_data_to_duckdb.run_dbt_transform manual__2025-01-17T12:49:05.415794+00:00 [queued]>
[2025-01-17T13:02:44.729+0000] {taskinstance.py:2613} INFO - Dependencies all met for dep_context=requeueable deps ti=<TaskInstance: user_data_to_duckdb.run_dbt_transform manual__2025-01-17T12:49:05.415794+00:00 [queued]>
[2025-01-17T13:02:44.730+0000] {taskinstance.py:2866} INFO - Starting attempt 2 of 2
[2025-01-17T13:02:44.799+0000] {taskinstance.py:2889} INFO - Executing <Task(BashOperator): run_dbt_transform> on 2025-01-17 12:49:05.415794+00:00
[2025-01-17T13:02:44.834+0000] {warnings.py:112} WARNING - /home/***/.local/lib/python3.12/site-packages/***/task/task_runner/standard_task_runner.py:70: DeprecationWarning: This process (pid=1228) is multi-threaded, use of fork() may lead to deadlocks in the child.
  pid = os.fork()

[2025-01-17T13:02:44.844+0000] {standard_task_runner.py:72} INFO - Started process 1247 to run task
[2025-01-17T13:02:44.840+0000] {standard_task_runner.py:104} INFO - Running: ['***', 'tasks', 'run', 'user_data_to_duckdb', 'run_dbt_transform', 'manual__2025-01-17T12:49:05.415794+00:00', '--job-id', '136', '--raw', '--subdir', 'DAGS_FOLDER/api_duckdb_dag.py', '--cfg-path', '/tmp/tmpb72mhqpr']
[2025-01-17T13:02:44.853+0000] {standard_task_runner.py:105} INFO - Job 136: Subtask run_dbt_transform
[2025-01-17T13:02:45.067+0000] {task_command.py:467} INFO - Running <TaskInstance: user_data_to_duckdb.run_dbt_transform manual__2025-01-17T12:49:05.415794+00:00 [running]> on host 78d3b8284409
[2025-01-17T13:02:45.385+0000] {taskinstance.py:3132} INFO - Exporting env vars: AIRFLOW_CTX_DAG_OWNER='***' AIRFLOW_CTX_DAG_ID='user_data_to_duckdb' AIRFLOW_CTX_TASK_ID='run_dbt_transform' AIRFLOW_CTX_EXECUTION_DATE='2025-01-17T12:49:05.415794+00:00' AIRFLOW_CTX_TRY_NUMBER='2' AIRFLOW_CTX_DAG_RUN_ID='manual__2025-01-17T12:49:05.415794+00:00'
[2025-01-17T13:02:45.390+0000] {logging_mixin.py:190} INFO - Task instance is in running state
[2025-01-17T13:02:45.391+0000] {logging_mixin.py:190} INFO -  Previous state of the Task instance: queued
[2025-01-17T13:02:45.392+0000] {logging_mixin.py:190} INFO - Current task name:run_dbt_transform state:running start_date:2025-01-17 13:02:44.706070+00:00
[2025-01-17T13:02:45.397+0000] {logging_mixin.py:190} INFO - Dag name:user_data_to_duckdb and current dag run status:running
[2025-01-17T13:02:45.399+0000] {taskinstance.py:731} INFO - ::endgroup::
[2025-01-17T13:02:45.421+0000] {subprocess.py:78} INFO - Tmp dir root location: /tmp
[2025-01-17T13:02:45.429+0000] {subprocess.py:88} INFO - Running command: ['/usr/bin/bash', '-c', '\n        cd /opt/***/dags/dbt_models &&         dbt run --profiles-dir /opt/***/.dbt --target dev\n        ']
[2025-01-17T13:02:45.529+0000] {subprocess.py:99} INFO - Output:
[2025-01-17T13:03:26.977+0000] {job.py:229} INFO - Heartbeat recovered after 42.99 seconds
