[2025-01-17T12:55:04.185+0000] {local_task_job_runner.py:123} INFO - ::group::Pre task execution logs
[2025-01-17T12:55:04.246+0000] {taskinstance.py:2613} INFO - Dependencies all met for dep_context=non-requeueable deps ti=<TaskInstance: user_data_to_duckdb.fetch_user_data_from_api manual__2025-01-17T12:49:05.415794+00:00 [queued]>
[2025-01-17T12:55:04.289+0000] {taskinstance.py:2613} INFO - Dependencies all met for dep_context=requeueable deps ti=<TaskInstance: user_data_to_duckdb.fetch_user_data_from_api manual__2025-01-17T12:49:05.415794+00:00 [queued]>
[2025-01-17T12:55:04.301+0000] {taskinstance.py:2866} INFO - Starting attempt 3 of 4
[2025-01-17T12:55:04.393+0000] {taskinstance.py:2889} INFO - Executing <Task(PythonOperator): fetch_user_data_from_api> on 2025-01-17 12:49:05.415794+00:00
[2025-01-17T12:55:04.434+0000] {warnings.py:112} WARNING - /home/***/.local/lib/python3.12/site-packages/***/task/task_runner/standard_task_runner.py:70: DeprecationWarning: This process (pid=1121) is multi-threaded, use of fork() may lead to deadlocks in the child.
  pid = os.fork()

[2025-01-17T12:55:04.443+0000] {standard_task_runner.py:72} INFO - Started process 1128 to run task
[2025-01-17T12:55:04.447+0000] {standard_task_runner.py:104} INFO - Running: ['***', 'tasks', 'run', 'user_data_to_duckdb', 'fetch_user_data_from_api', 'manual__2025-01-17T12:49:05.415794+00:00', '--job-id', '129', '--raw', '--subdir', 'DAGS_FOLDER/api_duckdb_dag.py', '--cfg-path', '/tmp/tmppwjsuusv']
[2025-01-17T12:55:04.451+0000] {standard_task_runner.py:105} INFO - Job 129: Subtask fetch_user_data_from_api
[2025-01-17T12:55:04.620+0000] {task_command.py:467} INFO - Running <TaskInstance: user_data_to_duckdb.fetch_user_data_from_api manual__2025-01-17T12:49:05.415794+00:00 [running]> on host 78d3b8284409
[2025-01-17T12:55:05.199+0000] {taskinstance.py:3132} INFO - Exporting env vars: AIRFLOW_CTX_DAG_OWNER='***' AIRFLOW_CTX_DAG_ID='user_data_to_duckdb' AIRFLOW_CTX_TASK_ID='fetch_user_data_from_api' AIRFLOW_CTX_EXECUTION_DATE='2025-01-17T12:49:05.415794+00:00' AIRFLOW_CTX_TRY_NUMBER='3' AIRFLOW_CTX_DAG_RUN_ID='manual__2025-01-17T12:49:05.415794+00:00'
[2025-01-17T12:55:05.220+0000] {logging_mixin.py:190} INFO - Task instance is in running state
[2025-01-17T12:55:05.224+0000] {logging_mixin.py:190} INFO -  Previous state of the Task instance: queued
[2025-01-17T12:55:05.228+0000] {logging_mixin.py:190} INFO - Current task name:fetch_user_data_from_api state:running start_date:2025-01-17 12:55:04.247818+00:00
[2025-01-17T12:55:05.232+0000] {logging_mixin.py:190} INFO - Dag name:user_data_to_duckdb and current dag run status:running
[2025-01-17T12:55:05.257+0000] {taskinstance.py:731} INFO - ::endgroup::
[2025-01-17T12:55:09.129+0000] {python.py:240} INFO - Done. Returned value was: /opt/***/apidata/users_data.json
[2025-01-17T12:55:09.372+0000] {taskinstance.py:340} INFO - ::group::Post task execution logs
[2025-01-17T12:55:09.379+0000] {taskinstance.py:352} INFO - Marking task as SUCCESS. dag_id=user_data_to_duckdb, task_id=fetch_user_data_from_api, run_id=manual__2025-01-17T12:49:05.415794+00:00, execution_date=20250117T124905, start_date=20250117T125504, end_date=20250117T125509
[2025-01-17T12:55:09.428+0000] {logging_mixin.py:190} INFO - Task instance in success state
[2025-01-17T12:55:09.448+0000] {logging_mixin.py:190} INFO -  Previous state of the Task instance: running
[2025-01-17T12:55:09.457+0000] {logging_mixin.py:190} INFO - Dag name:user_data_to_duckdb queued_at:2025-01-17 12:49:05.474755+00:00
[2025-01-17T12:55:09.458+0000] {logging_mixin.py:190} INFO - Task hostname:78d3b8284409 operator:PythonOperator
[2025-01-17T12:55:09.633+0000] {local_task_job_runner.py:266} INFO - Task exited with return code 0
[2025-01-17T12:55:09.741+0000] {taskinstance.py:3895} INFO - 1 downstream tasks scheduled from follow-on schedule check
[2025-01-17T12:55:09.751+0000] {local_task_job_runner.py:245} INFO - ::endgroup::
