[2025-01-17T12:51:37.521+0000] {local_task_job_runner.py:123} INFO - ::group::Pre task execution logs
[2025-01-17T12:51:37.565+0000] {taskinstance.py:2613} INFO - Dependencies all met for dep_context=non-requeueable deps ti=<TaskInstance: user_data_to_duckdb.fetch_user_data_from_api manual__2025-01-17T12:49:05.415794+00:00 [queued]>
[2025-01-17T12:51:37.586+0000] {taskinstance.py:2613} INFO - Dependencies all met for dep_context=requeueable deps ti=<TaskInstance: user_data_to_duckdb.fetch_user_data_from_api manual__2025-01-17T12:49:05.415794+00:00 [queued]>
[2025-01-17T12:51:37.587+0000] {taskinstance.py:2866} INFO - Starting attempt 2 of 3
[2025-01-17T12:51:37.632+0000] {taskinstance.py:2889} INFO - Executing <Task(PythonOperator): fetch_user_data_from_api> on 2025-01-17 12:49:05.415794+00:00
[2025-01-17T12:51:37.765+0000] {standard_task_runner.py:104} INFO - Running: ['***', 'tasks', 'run', 'user_data_to_duckdb', 'fetch_user_data_from_api', 'manual__2025-01-17T12:49:05.415794+00:00', '--job-id', '128', '--raw', '--subdir', 'DAGS_FOLDER/api_duckdb_dag.py', '--cfg-path', '/tmp/tmpu2ick87r']
[2025-01-17T12:51:37.780+0000] {standard_task_runner.py:105} INFO - Job 128: Subtask fetch_user_data_from_api
[2025-01-17T12:51:37.783+0000] {warnings.py:112} WARNING - /home/***/.local/lib/python3.12/site-packages/***/task/task_runner/standard_task_runner.py:70: DeprecationWarning: This process (pid=1095) is multi-threaded, use of fork() may lead to deadlocks in the child.
  pid = os.fork()

[2025-01-17T12:51:37.786+0000] {standard_task_runner.py:72} INFO - Started process 1107 to run task
[2025-01-17T12:51:37.961+0000] {task_command.py:467} INFO - Running <TaskInstance: user_data_to_duckdb.fetch_user_data_from_api manual__2025-01-17T12:49:05.415794+00:00 [running]> on host 78d3b8284409
[2025-01-17T12:51:38.654+0000] {taskinstance.py:3132} INFO - Exporting env vars: AIRFLOW_CTX_DAG_OWNER='***' AIRFLOW_CTX_DAG_ID='user_data_to_duckdb' AIRFLOW_CTX_TASK_ID='fetch_user_data_from_api' AIRFLOW_CTX_EXECUTION_DATE='2025-01-17T12:49:05.415794+00:00' AIRFLOW_CTX_TRY_NUMBER='2' AIRFLOW_CTX_DAG_RUN_ID='manual__2025-01-17T12:49:05.415794+00:00'
[2025-01-17T12:51:38.657+0000] {logging_mixin.py:190} INFO - Task instance is in running state
[2025-01-17T12:51:38.659+0000] {logging_mixin.py:190} INFO -  Previous state of the Task instance: queued
[2025-01-17T12:51:38.660+0000] {logging_mixin.py:190} INFO - Current task name:fetch_user_data_from_api state:running start_date:2025-01-17 12:51:37.566553+00:00
[2025-01-17T12:51:38.674+0000] {logging_mixin.py:190} INFO - Dag name:user_data_to_duckdb and current dag run status:running
[2025-01-17T12:51:38.677+0000] {taskinstance.py:731} INFO - ::endgroup::
[2025-01-17T12:51:39.552+0000] {python.py:240} INFO - Done. Returned value was: /opt/***/apidata/users_data.json
[2025-01-17T12:51:39.952+0000] {taskinstance.py:340} INFO - ::group::Post task execution logs
[2025-01-17T12:51:39.955+0000] {taskinstance.py:352} INFO - Marking task as SUCCESS. dag_id=user_data_to_duckdb, task_id=fetch_user_data_from_api, run_id=manual__2025-01-17T12:49:05.415794+00:00, execution_date=20250117T124905, start_date=20250117T125137, end_date=20250117T125139
[2025-01-17T12:51:40.007+0000] {logging_mixin.py:190} INFO - Task instance in success state
[2025-01-17T12:51:40.008+0000] {logging_mixin.py:190} INFO -  Previous state of the Task instance: running
[2025-01-17T12:51:40.009+0000] {logging_mixin.py:190} INFO - Dag name:user_data_to_duckdb queued_at:2025-01-17 12:49:05.474755+00:00
[2025-01-17T12:51:40.010+0000] {logging_mixin.py:190} INFO - Task hostname:78d3b8284409 operator:PythonOperator
[2025-01-17T12:51:40.080+0000] {local_task_job_runner.py:266} INFO - Task exited with return code 0
[2025-01-17T12:51:40.113+0000] {local_task_job_runner.py:245} INFO - ::endgroup::
