[2025-01-20T09:49:10.373+0000] {local_task_job_runner.py:123} INFO - ::group::Pre task execution logs
[2025-01-20T09:49:10.551+0000] {taskinstance.py:2613} INFO - Dependencies all met for dep_context=non-requeueable deps ti=<TaskInstance: user_data_to_duckdb.fetch_user_data_from_api manual__2025-01-20T09:47:47.348946+00:00 [queued]>
[2025-01-20T09:49:10.568+0000] {taskinstance.py:2613} INFO - Dependencies all met for dep_context=requeueable deps ti=<TaskInstance: user_data_to_duckdb.fetch_user_data_from_api manual__2025-01-20T09:47:47.348946+00:00 [queued]>
[2025-01-20T09:49:10.569+0000] {taskinstance.py:2866} INFO - Starting attempt 2 of 3
[2025-01-20T09:49:10.607+0000] {taskinstance.py:2889} INFO - Executing <Task(PythonOperator): fetch_user_data_from_api> on 2025-01-20 09:47:47.348946+00:00
[2025-01-20T09:49:10.619+0000] {warnings.py:112} WARNING - /home/***/.local/lib/python3.12/site-packages/***/task/task_runner/standard_task_runner.py:70: DeprecationWarning: This process (pid=209) is multi-threaded, use of fork() may lead to deadlocks in the child.
  pid = os.fork()

[2025-01-20T09:49:10.622+0000] {standard_task_runner.py:72} INFO - Started process 214 to run task
[2025-01-20T09:49:10.623+0000] {standard_task_runner.py:104} INFO - Running: ['***', 'tasks', 'run', 'user_data_to_duckdb', 'fetch_user_data_from_api', 'manual__2025-01-20T09:47:47.348946+00:00', '--job-id', '5', '--raw', '--subdir', 'DAGS_FOLDER/api_duckdb_dag.py', '--cfg-path', '/tmp/tmplk_16xte']
[2025-01-20T09:49:10.626+0000] {standard_task_runner.py:105} INFO - Job 5: Subtask fetch_user_data_from_api
[2025-01-20T09:49:10.734+0000] {task_command.py:467} INFO - Running <TaskInstance: user_data_to_duckdb.fetch_user_data_from_api manual__2025-01-20T09:47:47.348946+00:00 [running]> on host b07af8d3a0b2
[2025-01-20T09:49:10.893+0000] {taskinstance.py:3132} INFO - Exporting env vars: AIRFLOW_CTX_DAG_OWNER='***' AIRFLOW_CTX_DAG_ID='user_data_to_duckdb' AIRFLOW_CTX_TASK_ID='fetch_user_data_from_api' AIRFLOW_CTX_EXECUTION_DATE='2025-01-20T09:47:47.348946+00:00' AIRFLOW_CTX_TRY_NUMBER='2' AIRFLOW_CTX_DAG_RUN_ID='manual__2025-01-20T09:47:47.348946+00:00'
[2025-01-20T09:49:10.900+0000] {logging_mixin.py:190} INFO - Task instance is in running state
[2025-01-20T09:49:10.901+0000] {logging_mixin.py:190} INFO -  Previous state of the Task instance: queued
[2025-01-20T09:49:10.902+0000] {logging_mixin.py:190} INFO - Current task name:fetch_user_data_from_api state:running start_date:2025-01-20 09:49:10.552999+00:00
[2025-01-20T09:49:10.903+0000] {logging_mixin.py:190} INFO - Dag name:user_data_to_duckdb and current dag run status:running
[2025-01-20T09:49:10.904+0000] {taskinstance.py:731} INFO - ::endgroup::
[2025-01-20T09:49:11.261+0000] {python.py:240} INFO - Done. Returned value was: /opt/***/apidata/users_data.json
[2025-01-20T09:49:11.337+0000] {taskinstance.py:340} INFO - ::group::Post task execution logs
[2025-01-20T09:49:11.341+0000] {taskinstance.py:352} INFO - Marking task as SUCCESS. dag_id=user_data_to_duckdb, task_id=fetch_user_data_from_api, run_id=manual__2025-01-20T09:47:47.348946+00:00, execution_date=20250120T094747, start_date=20250120T094910, end_date=20250120T094911
[2025-01-20T09:49:11.369+0000] {logging_mixin.py:190} INFO - Task instance in success state
[2025-01-20T09:49:11.370+0000] {logging_mixin.py:190} INFO -  Previous state of the Task instance: running
[2025-01-20T09:49:11.371+0000] {logging_mixin.py:190} INFO - Dag name:user_data_to_duckdb queued_at:2025-01-20 09:47:47.918194+00:00
[2025-01-20T09:49:11.373+0000] {logging_mixin.py:190} INFO - Task hostname:b07af8d3a0b2 operator:PythonOperator
[2025-01-20T09:49:11.401+0000] {local_task_job_runner.py:266} INFO - Task exited with return code 0
[2025-01-20T09:49:11.466+0000] {taskinstance.py:3895} INFO - 1 downstream tasks scheduled from follow-on schedule check
[2025-01-20T09:49:11.486+0000] {local_task_job_runner.py:245} INFO - ::endgroup::
