[2025-01-17T10:26:46.642+0000] {local_task_job_runner.py:123} INFO - ::group::Pre task execution logs
[2025-01-17T10:26:46.722+0000] {taskinstance.py:2613} INFO - Dependencies all met for dep_context=non-requeueable deps ti=<TaskInstance: user_data_to_duckdb.fetch_user_data_from_api manual__2025-01-17T10:25:55.875306+00:00 [queued]>
[2025-01-17T10:26:46.746+0000] {taskinstance.py:2613} INFO - Dependencies all met for dep_context=requeueable deps ti=<TaskInstance: user_data_to_duckdb.fetch_user_data_from_api manual__2025-01-17T10:25:55.875306+00:00 [queued]>
[2025-01-17T10:26:46.750+0000] {taskinstance.py:2866} INFO - Starting attempt 1 of 2
[2025-01-17T10:26:46.813+0000] {taskinstance.py:2889} INFO - Executing <Task(PythonOperator): fetch_user_data_from_api> on 2025-01-17 10:25:55.875306+00:00
[2025-01-17T10:26:46.846+0000] {warnings.py:112} WARNING - /home/***/.local/lib/python3.12/site-packages/***/task/task_runner/standard_task_runner.py:70: DeprecationWarning: This process (pid=386) is multi-threaded, use of fork() may lead to deadlocks in the child.
  pid = os.fork()

[2025-01-17T10:26:46.850+0000] {standard_task_runner.py:72} INFO - Started process 410 to run task
[2025-01-17T10:26:46.869+0000] {standard_task_runner.py:104} INFO - Running: ['***', 'tasks', 'run', 'user_data_to_duckdb', 'fetch_user_data_from_api', 'manual__2025-01-17T10:25:55.875306+00:00', '--job-id', '69', '--raw', '--subdir', 'DAGS_FOLDER/api_duckdb_dag.py', '--cfg-path', '/tmp/tmp9z4g257c']
[2025-01-17T10:26:46.873+0000] {standard_task_runner.py:105} INFO - Job 69: Subtask fetch_user_data_from_api
[2025-01-17T10:26:47.087+0000] {task_command.py:467} INFO - Running <TaskInstance: user_data_to_duckdb.fetch_user_data_from_api manual__2025-01-17T10:25:55.875306+00:00 [running]> on host 394999114d74
[2025-01-17T10:26:47.696+0000] {taskinstance.py:3132} INFO - Exporting env vars: AIRFLOW_CTX_DAG_OWNER='***' AIRFLOW_CTX_DAG_ID='user_data_to_duckdb' AIRFLOW_CTX_TASK_ID='fetch_user_data_from_api' AIRFLOW_CTX_EXECUTION_DATE='2025-01-17T10:25:55.875306+00:00' AIRFLOW_CTX_TRY_NUMBER='1' AIRFLOW_CTX_DAG_RUN_ID='manual__2025-01-17T10:25:55.875306+00:00'
[2025-01-17T10:26:47.706+0000] {logging_mixin.py:190} INFO - Task instance is in running state
[2025-01-17T10:26:47.713+0000] {logging_mixin.py:190} INFO -  Previous state of the Task instance: queued
[2025-01-17T10:26:47.716+0000] {logging_mixin.py:190} INFO - Current task name:fetch_user_data_from_api state:running start_date:2025-01-17 10:26:46.723783+00:00
[2025-01-17T10:26:47.720+0000] {logging_mixin.py:190} INFO - Dag name:user_data_to_duckdb and current dag run status:running
[2025-01-17T10:26:47.721+0000] {taskinstance.py:731} INFO - ::endgroup::
[2025-01-17T10:26:51.662+0000] {python.py:240} INFO - Done. Returned value was: /opt/***/apidata/users_data.json
[2025-01-17T10:26:52.448+0000] {taskinstance.py:340} INFO - ::group::Post task execution logs
[2025-01-17T10:26:52.453+0000] {taskinstance.py:352} INFO - Marking task as SUCCESS. dag_id=user_data_to_duckdb, task_id=fetch_user_data_from_api, run_id=manual__2025-01-17T10:25:55.875306+00:00, execution_date=20250117T102555, start_date=20250117T102646, end_date=20250117T102652
[2025-01-17T10:26:52.575+0000] {logging_mixin.py:190} INFO - Task instance in success state
[2025-01-17T10:26:52.588+0000] {logging_mixin.py:190} INFO -  Previous state of the Task instance: running
[2025-01-17T10:26:52.596+0000] {logging_mixin.py:190} INFO - Dag name:user_data_to_duckdb queued_at:2025-01-17 10:25:55.896818+00:00
[2025-01-17T10:26:52.605+0000] {logging_mixin.py:190} INFO - Task hostname:394999114d74 operator:PythonOperator
[2025-01-17T10:26:52.740+0000] {local_task_job_runner.py:266} INFO - Task exited with return code 0
[2025-01-17T10:26:52.983+0000] {taskinstance.py:3895} INFO - 1 downstream tasks scheduled from follow-on schedule check
[2025-01-17T10:26:53.000+0000] {local_task_job_runner.py:245} INFO - ::endgroup::
