[2025-01-20T08:15:31.255+0000] {local_task_job_runner.py:123} INFO - ::group::Pre task execution logs
[2025-01-20T08:15:31.532+0000] {taskinstance.py:2613} INFO - Dependencies all met for dep_context=non-requeueable deps ti=<TaskInstance: user_data_to_duckdb.save_data_to_duckdb manual__2025-01-20T08:08:50.334185+00:00 [queued]>
[2025-01-20T08:15:31.554+0000] {taskinstance.py:2613} INFO - Dependencies all met for dep_context=requeueable deps ti=<TaskInstance: user_data_to_duckdb.save_data_to_duckdb manual__2025-01-20T08:08:50.334185+00:00 [queued]>
[2025-01-20T08:15:31.555+0000] {taskinstance.py:2866} INFO - Starting attempt 2 of 2
[2025-01-20T08:15:31.625+0000] {taskinstance.py:2889} INFO - Executing <Task(PythonOperator): save_data_to_duckdb> on 2025-01-20 08:08:50.334185+00:00
[2025-01-20T08:15:31.664+0000] {warnings.py:112} WARNING - /home/***/.local/lib/python3.12/site-packages/***/task/task_runner/standard_task_runner.py:70: DeprecationWarning: This process (pid=297) is multi-threaded, use of fork() may lead to deadlocks in the child.
  pid = os.fork()

[2025-01-20T08:15:31.677+0000] {standard_task_runner.py:72} INFO - Started process 302 to run task
[2025-01-20T08:15:31.667+0000] {standard_task_runner.py:104} INFO - Running: ['***', 'tasks', 'run', 'user_data_to_duckdb', 'save_data_to_duckdb', 'manual__2025-01-20T08:08:50.334185+00:00', '--job-id', '12', '--raw', '--subdir', 'DAGS_FOLDER/api_duckdb_dag.py', '--cfg-path', '/tmp/tmpnh_nzgfm']
[2025-01-20T08:15:31.681+0000] {standard_task_runner.py:105} INFO - Job 12: Subtask save_data_to_duckdb
[2025-01-20T08:15:31.918+0000] {task_command.py:467} INFO - Running <TaskInstance: user_data_to_duckdb.save_data_to_duckdb manual__2025-01-20T08:08:50.334185+00:00 [running]> on host af5c9462b200
[2025-01-20T08:15:32.289+0000] {taskinstance.py:3132} INFO - Exporting env vars: AIRFLOW_CTX_DAG_OWNER='***' AIRFLOW_CTX_DAG_ID='user_data_to_duckdb' AIRFLOW_CTX_TASK_ID='save_data_to_duckdb' AIRFLOW_CTX_EXECUTION_DATE='2025-01-20T08:08:50.334185+00:00' AIRFLOW_CTX_TRY_NUMBER='2' AIRFLOW_CTX_DAG_RUN_ID='manual__2025-01-20T08:08:50.334185+00:00'
[2025-01-20T08:15:32.293+0000] {logging_mixin.py:190} INFO - Task instance is in running state
[2025-01-20T08:15:32.294+0000] {logging_mixin.py:190} INFO -  Previous state of the Task instance: queued
[2025-01-20T08:15:32.295+0000] {logging_mixin.py:190} INFO - Current task name:save_data_to_duckdb state:running start_date:2025-01-20 08:15:31.533617+00:00
[2025-01-20T08:15:32.296+0000] {logging_mixin.py:190} INFO - Dag name:user_data_to_duckdb and current dag run status:running
[2025-01-20T08:15:32.297+0000] {taskinstance.py:731} INFO - ::endgroup::
[2025-01-20T08:15:32.892+0000] {python.py:240} INFO - Done. Returned value was: None
[2025-01-20T08:15:32.920+0000] {taskinstance.py:340} INFO - ::group::Post task execution logs
[2025-01-20T08:15:32.921+0000] {taskinstance.py:352} INFO - Marking task as SUCCESS. dag_id=user_data_to_duckdb, task_id=save_data_to_duckdb, run_id=manual__2025-01-20T08:08:50.334185+00:00, execution_date=20250120T080850, start_date=20250120T081531, end_date=20250120T081532
[2025-01-20T08:15:32.959+0000] {logging_mixin.py:190} INFO - Task instance in success state
[2025-01-20T08:15:32.960+0000] {logging_mixin.py:190} INFO -  Previous state of the Task instance: running
[2025-01-20T08:15:32.961+0000] {logging_mixin.py:190} INFO - Dag name:user_data_to_duckdb queued_at:2025-01-20 08:08:50.632127+00:00
[2025-01-20T08:15:32.962+0000] {logging_mixin.py:190} INFO - Task hostname:af5c9462b200 operator:PythonOperator
[2025-01-20T08:15:33.037+0000] {local_task_job_runner.py:266} INFO - Task exited with return code 0
[2025-01-20T08:15:33.108+0000] {taskinstance.py:3895} INFO - 1 downstream tasks scheduled from follow-on schedule check
[2025-01-20T08:15:33.128+0000] {local_task_job_runner.py:245} INFO - ::endgroup::
