[2025-01-20T08:20:54.327+0000] {local_task_job_runner.py:123} INFO - ::group::Pre task execution logs
[2025-01-20T08:20:54.642+0000] {taskinstance.py:2613} INFO - Dependencies all met for dep_context=non-requeueable deps ti=<TaskInstance: user_data_to_duckdb.save_data_to_duckdb manual__2025-01-20T08:08:50.334185+00:00 [queued]>
[2025-01-20T08:20:54.667+0000] {taskinstance.py:2613} INFO - Dependencies all met for dep_context=requeueable deps ti=<TaskInstance: user_data_to_duckdb.save_data_to_duckdb manual__2025-01-20T08:08:50.334185+00:00 [queued]>
[2025-01-20T08:20:54.668+0000] {taskinstance.py:2866} INFO - Starting attempt 3 of 4
[2025-01-20T08:20:54.714+0000] {taskinstance.py:2889} INFO - Executing <Task(PythonOperator): save_data_to_duckdb> on 2025-01-20 08:08:50.334185+00:00
[2025-01-20T08:20:54.733+0000] {warnings.py:112} WARNING - /home/***/.local/lib/python3.12/site-packages/***/task/task_runner/standard_task_runner.py:70: DeprecationWarning: This process (pid=406) is multi-threaded, use of fork() may lead to deadlocks in the child.
  pid = os.fork()

[2025-01-20T08:20:54.740+0000] {standard_task_runner.py:72} INFO - Started process 411 to run task
[2025-01-20T08:20:54.748+0000] {standard_task_runner.py:104} INFO - Running: ['***', 'tasks', 'run', 'user_data_to_duckdb', 'save_data_to_duckdb', 'manual__2025-01-20T08:08:50.334185+00:00', '--job-id', '16', '--raw', '--subdir', 'DAGS_FOLDER/api_duckdb_dag.py', '--cfg-path', '/tmp/tmp570d_amm']
[2025-01-20T08:20:54.756+0000] {standard_task_runner.py:105} INFO - Job 16: Subtask save_data_to_duckdb
[2025-01-20T08:20:54.932+0000] {task_command.py:467} INFO - Running <TaskInstance: user_data_to_duckdb.save_data_to_duckdb manual__2025-01-20T08:08:50.334185+00:00 [running]> on host af5c9462b200
[2025-01-20T08:20:55.308+0000] {taskinstance.py:3132} INFO - Exporting env vars: AIRFLOW_CTX_DAG_OWNER='***' AIRFLOW_CTX_DAG_ID='user_data_to_duckdb' AIRFLOW_CTX_TASK_ID='save_data_to_duckdb' AIRFLOW_CTX_EXECUTION_DATE='2025-01-20T08:08:50.334185+00:00' AIRFLOW_CTX_TRY_NUMBER='3' AIRFLOW_CTX_DAG_RUN_ID='manual__2025-01-20T08:08:50.334185+00:00'
[2025-01-20T08:20:55.312+0000] {logging_mixin.py:190} INFO - Task instance is in running state
[2025-01-20T08:20:55.325+0000] {logging_mixin.py:190} INFO -  Previous state of the Task instance: queued
[2025-01-20T08:20:55.327+0000] {logging_mixin.py:190} INFO - Current task name:save_data_to_duckdb state:running start_date:2025-01-20 08:20:54.644162+00:00
[2025-01-20T08:20:55.329+0000] {logging_mixin.py:190} INFO - Dag name:user_data_to_duckdb and current dag run status:running
[2025-01-20T08:20:55.333+0000] {taskinstance.py:731} INFO - ::endgroup::
[2025-01-20T08:20:55.891+0000] {python.py:240} INFO - Done. Returned value was: None
[2025-01-20T08:20:55.943+0000] {taskinstance.py:340} INFO - ::group::Post task execution logs
[2025-01-20T08:20:55.953+0000] {taskinstance.py:352} INFO - Marking task as SUCCESS. dag_id=user_data_to_duckdb, task_id=save_data_to_duckdb, run_id=manual__2025-01-20T08:08:50.334185+00:00, execution_date=20250120T080850, start_date=20250120T082054, end_date=20250120T082055
[2025-01-20T08:20:55.992+0000] {logging_mixin.py:190} INFO - Task instance in success state
[2025-01-20T08:20:55.993+0000] {logging_mixin.py:190} INFO -  Previous state of the Task instance: running
[2025-01-20T08:20:55.996+0000] {logging_mixin.py:190} INFO - Dag name:user_data_to_duckdb queued_at:2025-01-20 08:08:50.632127+00:00
[2025-01-20T08:20:55.997+0000] {logging_mixin.py:190} INFO - Task hostname:af5c9462b200 operator:PythonOperator
[2025-01-20T08:20:56.087+0000] {local_task_job_runner.py:266} INFO - Task exited with return code 0
[2025-01-20T08:20:56.250+0000] {taskinstance.py:3895} INFO - 1 downstream tasks scheduled from follow-on schedule check
[2025-01-20T08:20:56.273+0000] {local_task_job_runner.py:245} INFO - ::endgroup::
