[2025-01-20T10:42:52.055+0000] {local_task_job_runner.py:123} INFO - ::group::Pre task execution logs
[2025-01-20T10:42:52.311+0000] {taskinstance.py:2613} INFO - Dependencies all met for dep_context=non-requeueable deps ti=<TaskInstance: user_data_to_duckdb.run_dbt_transform manual__2025-01-20T10:42:09.234739+00:00 [queued]>
[2025-01-20T10:42:52.334+0000] {taskinstance.py:2613} INFO - Dependencies all met for dep_context=requeueable deps ti=<TaskInstance: user_data_to_duckdb.run_dbt_transform manual__2025-01-20T10:42:09.234739+00:00 [queued]>
[2025-01-20T10:42:52.335+0000] {taskinstance.py:2866} INFO - Starting attempt 1 of 2
[2025-01-20T10:42:52.393+0000] {taskinstance.py:2889} INFO - Executing <Task(BashOperator): run_dbt_transform> on 2025-01-20 10:42:09.234739+00:00
[2025-01-20T10:42:52.426+0000] {warnings.py:112} WARNING - /home/***/.local/lib/python3.12/site-packages/***/task/task_runner/standard_task_runner.py:70: DeprecationWarning: This process (pid=933) is multi-threaded, use of fork() may lead to deadlocks in the child.
  pid = os.fork()

[2025-01-20T10:42:52.427+0000] {standard_task_runner.py:104} INFO - Running: ['***', 'tasks', 'run', 'user_data_to_duckdb', 'run_dbt_transform', 'manual__2025-01-20T10:42:09.234739+00:00', '--job-id', '11', '--raw', '--subdir', 'DAGS_FOLDER/api_duckdb_dag.py', '--cfg-path', '/tmp/tmpwh7qvmlv']
[2025-01-20T10:42:52.432+0000] {standard_task_runner.py:72} INFO - Started process 938 to run task
[2025-01-20T10:42:52.435+0000] {standard_task_runner.py:105} INFO - Job 11: Subtask run_dbt_transform
[2025-01-20T10:42:52.703+0000] {task_command.py:467} INFO - Running <TaskInstance: user_data_to_duckdb.run_dbt_transform manual__2025-01-20T10:42:09.234739+00:00 [running]> on host b07af8d3a0b2
[2025-01-20T10:42:53.425+0000] {taskinstance.py:3132} INFO - Exporting env vars: AIRFLOW_CTX_DAG_OWNER='***' AIRFLOW_CTX_DAG_ID='user_data_to_duckdb' AIRFLOW_CTX_TASK_ID='run_dbt_transform' AIRFLOW_CTX_EXECUTION_DATE='2025-01-20T10:42:09.234739+00:00' AIRFLOW_CTX_TRY_NUMBER='1' AIRFLOW_CTX_DAG_RUN_ID='manual__2025-01-20T10:42:09.234739+00:00'
[2025-01-20T10:42:53.430+0000] {logging_mixin.py:190} INFO - Task instance is in running state
[2025-01-20T10:42:53.430+0000] {logging_mixin.py:190} INFO -  Previous state of the Task instance: queued
[2025-01-20T10:42:53.431+0000] {logging_mixin.py:190} INFO - Current task name:run_dbt_transform state:running start_date:2025-01-20 10:42:52.313027+00:00
[2025-01-20T10:42:53.432+0000] {logging_mixin.py:190} INFO - Dag name:user_data_to_duckdb and current dag run status:running
[2025-01-20T10:42:53.433+0000] {taskinstance.py:731} INFO - ::endgroup::
[2025-01-20T10:42:53.435+0000] {subprocess.py:78} INFO - Tmp dir root location: /tmp
[2025-01-20T10:42:53.444+0000] {subprocess.py:88} INFO - Running command: ['/usr/bin/bash', '-c', '\n        cd /opt/***/dags/dbt_models &&         dbt run --profiles-dir /opt/***/dbt/profiles.yml --target dev\n        ']
[2025-01-20T10:42:53.510+0000] {subprocess.py:99} INFO - Output:
[2025-01-20T10:43:04.238+0000] {subprocess.py:106} INFO - [0m10:43:04  Running with dbt=1.9.1
[2025-01-20T10:43:05.591+0000] {subprocess.py:106} INFO - [0m10:43:05  Registered adapter: duckdb=1.9.1
[2025-01-20T10:43:06.379+0000] {subprocess.py:106} INFO - [0m10:43:06  Unable to do partial parsing because a project config has changed
[2025-01-20T10:43:10.110+0000] {subprocess.py:106} INFO - [0m10:43:10  Found 2 models, 1 source, 424 macros
[2025-01-20T10:43:10.118+0000] {subprocess.py:106} INFO - [0m10:43:10
[2025-01-20T10:43:10.120+0000] {subprocess.py:106} INFO - [0m10:43:10  Concurrency: 1 threads (target='dev')
[2025-01-20T10:43:10.124+0000] {subprocess.py:106} INFO - [0m10:43:10
[2025-01-20T10:43:11.107+0000] {subprocess.py:106} INFO - [0m10:43:11  1 of 2 START sql table model main.transform_users .............................. [RUN]
[2025-01-20T10:43:11.952+0000] {subprocess.py:106} INFO - [0m10:43:11  1 of 2 OK created sql table model main.transform_users ......................... [[32mOK[0m in 0.82s]
[2025-01-20T10:43:11.993+0000] {subprocess.py:106} INFO - [0m10:43:11  2 of 2 START sql table model main.transform_users2 ............................. [RUN]
[2025-01-20T10:43:12.628+0000] {subprocess.py:106} INFO - [0m10:43:12  2 of 2 OK created sql table model main.transform_users2 ........................ [[32mOK[0m in 0.61s]
[2025-01-20T10:43:12.829+0000] {subprocess.py:106} INFO - [0m10:43:12
[2025-01-20T10:43:12.832+0000] {subprocess.py:106} INFO - [0m10:43:12  Finished running 2 table models in 0 hours 0 minutes and 2.70 seconds (2.70s).
[2025-01-20T10:43:13.231+0000] {subprocess.py:106} INFO - [0m10:43:13
[2025-01-20T10:43:13.234+0000] {subprocess.py:106} INFO - [0m10:43:13  [32mCompleted successfully[0m
[2025-01-20T10:43:13.242+0000] {subprocess.py:106} INFO - [0m10:43:13
[2025-01-20T10:43:13.249+0000] {subprocess.py:106} INFO - [0m10:43:13  Done. PASS=2 WARN=0 ERROR=0 SKIP=0 TOTAL=2
[2025-01-20T10:43:15.444+0000] {subprocess.py:110} INFO - Command exited with return code 0
[2025-01-20T10:43:15.508+0000] {taskinstance.py:340} INFO - ::group::Post task execution logs
[2025-01-20T10:43:15.510+0000] {taskinstance.py:352} INFO - Marking task as SUCCESS. dag_id=user_data_to_duckdb, task_id=run_dbt_transform, run_id=manual__2025-01-20T10:42:09.234739+00:00, execution_date=20250120T104209, start_date=20250120T104252, end_date=20250120T104315
[2025-01-20T10:43:15.530+0000] {logging_mixin.py:190} INFO - Task instance in success state
[2025-01-20T10:43:15.531+0000] {logging_mixin.py:190} INFO -  Previous state of the Task instance: running
[2025-01-20T10:43:15.532+0000] {logging_mixin.py:190} INFO - Dag name:user_data_to_duckdb queued_at:2025-01-20 10:42:09.773057+00:00
[2025-01-20T10:43:15.533+0000] {logging_mixin.py:190} INFO - Task hostname:b07af8d3a0b2 operator:BashOperator
[2025-01-20T10:43:15.566+0000] {local_task_job_runner.py:266} INFO - Task exited with return code 0
[2025-01-20T10:43:15.592+0000] {taskinstance.py:3895} INFO - 0 downstream tasks scheduled from follow-on schedule check
[2025-01-20T10:43:15.595+0000] {local_task_job_runner.py:245} INFO - ::endgroup::
